21:05:11 **** Rebuild of configuration Debug for project pruebaTp3 ****
Info: Internal Builder is used for build
gcc -O0 -g3 -Wall -c -fmessage-length=0 -o utn.o "..\\utn.c" 
gcc -O0 -g3 -Wall -c -fmessage-length=0 -o main.o "..\\main.c" 
gcc -O0 -g3 -Wall -c -fmessage-length=0 -o Employee.o "..\\Employee.c" 
gcc -O0 -g3 -Wall -c -fmessage-length=0 -o validation.o "..\\validation.c" 
gcc -O0 -g3 -Wall -c -fmessage-length=0 -o Controller.o "..\\Controller.c" 
gcc -O0 -g3 -Wall -c -fmessage-length=0 -o parser.o "..\\parser.c" 
gcc "-LC:\\Users\\pocho\\Desktop\\TRABAJOS_UTN\\tp_laboratorio_1\\utn-tp3\\tp3_windows" -o pruebaTp3.exe Controller.o Employee.o main.o parser.o utn.o validation.o -lLinkedList 
Info: Nothing to build for pruebaTp3
21:05:51 **** Incremental Build of configuration Debug for project pruebaTp3 ****
Info: Internal Builder is used for build
gcc -O0 -g3 -Wall -c -fmessage-length=0 -o main.o "..\\main.c" 
gcc "-LC:\\Users\\pocho\\Desktop\\TRABAJOS_UTN\\tp_laboratorio_1\\utn-tp3\\tp3_windows" -o pruebaTp3.exe Controller.o Employee.o main.o parser.o utn.o validation.o -lLinkedList 
Info: Nothing to build for pruebaTp3
21:06:25 **** Incremental Build of configuration Debug for project pruebaTp3 ****
Info: Internal Builder is used for build
gcc -O0 -g3 -Wall -c -fmessage-length=0 -o utn.o "..\\utn.c" 
gcc "-LC:\\Users\\pocho\\Desktop\\TRABAJOS_UTN\\tp_laboratorio_1\\utn-tp3\\tp3_windows" -o pruebaTp3.exe Controller.o Employee.o main.o parser.o utn.o validation.o -lLinkedList 
01:52:14 **** Incremental Build of configuration Debug for project pruebaTp3 ****
Info: Internal Builder is used for build
gcc -O0 -g3 -Wall -c -fmessage-length=0 -o Controller.o "..\\Controller.c" 
gcc -O0 -g3 -Wall -c -fmessage-length=0 -o parser.o "..\\parser.c" 
gcc -O0 -g3 -Wall -c -fmessage-length=0 -o Employee.o "..\\Employee.c" 
..\Employee.c:4:1: error: unknown type name 'Employee'
    4 | Employee* employee_new(){
      | ^~~~~~~~
..\Employee.c: In function 'employee_new':
..\Employee.c:5:2: error: unknown type name 'Employee'
    5 |  Employee* auxEmp;
      |  ^~~~~~~~
..\Employee.c:6:12: error: 'Employee' undeclared (first use in this function)
    6 |  auxEmp = (Employee*) malloc(sizeof(Employee));
      |            ^~~~~~~~
..\Employee.c:6:12: note: each undeclared identifier is reported only once for each function it appears in
..\Employee.c:6:21: error: expected expression before ')' token
    6 |  auxEmp = (Employee*) malloc(sizeof(Employee));
      |                     ^
..\Employee.c:9:9: error: request for member 'sueldo' in something not a structure or union
    9 |   auxEmp->sueldo = 0;
      |         ^~
..\Employee.c:10:3: warning: implicit declaration of function 'strcpy' [-Wimplicit-function-declaration]
   10 |   strcpy(auxEmp->nombre,"lucitas");
      |   ^~~~~~
..\Employee.c:10:3: warning: incompatible implicit declaration of built-in function 'strcpy'
..\Employee.c:3:1: note: include '<string.h>' or provide a declaration of 'strcpy'
    2 | #include <stdlib.h>
  +++ |+#include <string.h>
    3 | 
..\Employee.c:10:16: error: request for member 'nombre' in something not a structure or union
   10 |   strcpy(auxEmp->nombre,"lucitas");
      |                ^~
..\Employee.c:11:9: error: request for member 'horasTrabajadas' in something not a structure or union
   11 |   auxEmp->horasTrabajadas = 0;
      |         ^~
01:52:44 **** Incremental Build of configuration Debug for project pruebaTp3 ****
Info: Internal Builder is used for build
gcc -O0 -g3 -Wall -c -fmessage-length=0 -o Employee.o "..\\Employee.c" 
..\Employee.c: In function 'employee_new':
..\Employee.c:11:3: warning: implicit declaration of function 'strcpy' [-Wimplicit-function-declaration]
   11 |   strcpy(auxEmp->nombre,"lucitas");
      |   ^~~~~~
..\Employee.c:11:3: warning: incompatible implicit declaration of built-in function 'strcpy'
..\Employee.c:4:1: note: include '<string.h>' or provide a declaration of 'strcpy'
    3 | #include "Employee.h"
  +++ |+#include <string.h>
    4 | 
gcc -O0 -g3 -Wall -c -fmessage-length=0 -o main.o "..\\main.c" 
..\main.c: In function 'main':
..\main.c:28:14: warning: format '%s' expects argument of type 'char *', but argument 2 has type 'int' [-Wformat=]
   28 |     printf("%s",*(employee)->nombre);
      |             ~^  ~~~~~~~~~~~~~~~~~~~
      |              |  |
      |              |  int
      |              char *
      |             %d
gcc "-LC:\\Users\\pocho\\Desktop\\TRABAJOS_UTN\\tp_laboratorio_1\\utn-tp3\\tp3_windows" -o pruebaTp3.exe Controller.o Employee.o main.o parser.o utn.o validation.o -lLinkedList 
01:53:02 **** Incremental Build of configuration Debug for project pruebaTp3 ****
Info: Internal Builder is used for build
gcc -O0 -g3 -Wall -c -fmessage-length=0 -o Employee.o "..\\Employee.c" 
gcc "-LC:\\Users\\pocho\\Desktop\\TRABAJOS_UTN\\tp_laboratorio_1\\utn-tp3\\tp3_windows" -o pruebaTp3.exe Controller.o Employee.o main.o parser.o utn.o validation.o -lLinkedList 
Info: Nothing to build for pruebaTp3
01:53:15 **** Incremental Build of configuration Debug for project pruebaTp3 ****
Info: Internal Builder is used for build
gcc -O0 -g3 -Wall -c -fmessage-length=0 -o main.o "..\\main.c" 
..\main.c: In function 'main':
..\main.c:28:14: warning: format '%s' expects argument of type 'char *', but argument 2 has type 'int' [-Wformat=]
   28 |     printf("%s",*(employee)->nombre);
      |             ~^  ~~~~~~~~~~~~~~~~~~~
      |              |  |
      |              |  int
      |              char *
      |             %d
..\main.c:34:52: error: 'listaEmpleados' undeclared (first use in this function)
   34 |                 controller_loadFromText("data.csv",listaEmpleados);
      |                                                    ^~~~~~~~~~~~~~
..\main.c:34:52: note: each undeclared identifier is reported only once for each function it appears in
01:53:36 **** Incremental Build of configuration Debug for project pruebaTp3 ****
Info: Internal Builder is used for build
gcc -O0 -g3 -Wall -c -fmessage-length=0 -o main.o "..\\main.c" 
..\main.c: In function 'main':
..\main.c:28:28: error: invalid type argument of '->' (have 'Employee' {aka 'struct <anonymous>'})
   28 |     printf("%s",(*employee)->nombre);
      |                            ^~
01:53:50 **** Incremental Build of configuration Debug for project pruebaTp3 ****
Info: Internal Builder is used for build
gcc -O0 -g3 -Wall -c -fmessage-length=0 -o main.o "..\\main.c" 
..\main.c: In function 'main':
..\main.c:28:28: error: 'employee' is a pointer; did you mean to use '->'?
   28 |     printf("%s",*(employee).nombre);
      |                            ^
      |                            ->
..\main.c:27:15: warning: variable 'employee' set but not used [-Wunused-but-set-variable]
   27 |     Employee* employee = employee_new();
      |               ^~~~~~~~
01:54:36 **** Incremental Build of configuration Debug for project pruebaTp3 ****
Info: Internal Builder is used for build
gcc -O0 -g3 -Wall -c -fmessage-length=0 -o main.o "..\\main.c" 
..\main.c: In function 'main':
..\main.c:28:28: error: 'employee' is a pointer; did you mean to use '->'?
   28 |     printf("%s",*(employee).nombre);
      |                            ^
      |                            ->
..\main.c:27:15: warning: variable 'employee' set but not used [-Wunused-but-set-variable]
   27 |     Employee* employee = employee_new();
      |               ^~~~~~~~
02:03:16 **** Incremental Build of configuration Debug for project pruebaTp3 ****
Info: Internal Builder is used for build
gcc -O0 -g3 -Wall -c -fmessage-length=0 -o main.o "..\\main.c" 
gcc -O0 -g3 -Wall -c -fmessage-length=0 -o Employee.o "..\\Employee.c" 
gcc "-LC:\\Users\\pocho\\Desktop\\TRABAJOS_UTN\\tp_laboratorio_1\\utn-tp3\\tp3_windows" -o pruebaTp3.exe Controller.o Employee.o main.o parser.o utn.o validation.o -lLinkedList 
Info: Nothing to build for pruebaTp3
02:03:38 **** Incremental Build of configuration Debug for project pruebaTp3 ****
Info: Internal Builder is used for build
gcc -O0 -g3 -Wall -c -fmessage-length=0 -o main.o "..\\main.c" 
gcc "-LC:\\Users\\pocho\\Desktop\\TRABAJOS_UTN\\tp_laboratorio_1\\utn-tp3\\tp3_windows" -o pruebaTp3.exe Controller.o Employee.o main.o parser.o utn.o validation.o -lLinkedList 
c:/mingw/bin/../lib/gcc/mingw32/9.2.0/../../../../mingw32/bin/ld.exe: cannot open output file pruebaTp3.exe: Permission denied
collect2.exe: error: ld returned 1 exit status
02:03:40 **** Incremental Build of configuration Debug for project pruebaTp3 ****
Info: Internal Builder is used for build
gcc "-LC:\\Users\\pocho\\Desktop\\TRABAJOS_UTN\\tp_laboratorio_1\\utn-tp3\\tp3_windows" -o pruebaTp3.exe Controller.o Employee.o main.o parser.o utn.o validation.o -lLinkedList 
Info: Nothing to build for pruebaTp3
21:31:49 **** Incremental Build of configuration Debug for project pruebaTp3 ****
Info: Internal Builder is used for build
gcc -O0 -g3 -Wall -c -fmessage-length=0 -o Employee.o "..\\Employee.c" 
gcc -O0 -g3 -Wall -c -fmessage-length=0 -o parser.o "..\\parser.c" 
gcc -O0 -g3 -Wall -c -fmessage-length=0 -o Controller.o "..\\Controller.c" 
gcc -O0 -g3 -Wall -c -fmessage-length=0 -o main.o "..\\main.c" 
gcc "-LC:\\Users\\pocho\\Desktop\\TRABAJOS_UTN\\tp_laboratorio_1\\utn-tp3\\tp3_windows" -o pruebaTp3.exe Controller.o Employee.o main.o parser.o utn.o validation.o -lLinkedList 
12:39:33 **** Incremental Build of configuration Debug for project pruebaTp3 ****
Info: Internal Builder is used for build
gcc -O0 -g3 -Wall -c -fmessage-length=0 -o Employee.o "..\\Employee.c" 
..\Employee.c: In function 'employee_newParametros':
..\Employee.c:25:35: warning: passing argument 1 of 'atoi' makes pointer from integer without a cast [-Wint-conversion]
   25 |   employee_setId(newEmployee,atoi(*idStr));
      |                                   ^~~~~~
      |                                   |
      |                                   char
In file included from ..\Employee.c:2:
c:\mingw\include\stdlib.h:362:44: note: expected 'const char *' but argument is of type 'char'
  362 | _CRTIMP __cdecl __MINGW_NOTHROW  int atoi (const char *);
      |                                            ^~~~~~~~~~~~
..\Employee.c: In function 'employee_newAlta':
..\Employee.c:36:26: warning: implicit declaration of function 'empleado_new'; did you mean 'employee_new'? [-Wimplicit-function-declaration]
   36 |  Employee* newEmployee = empleado_new();
      |                          ^~~~~~~~~~~~
      |                          employee_new
..\Employee.c:36:26: warning: initialization of 'Employee *' {aka 'struct <anonymous> *'} from 'int' makes pointer from integer without a cast [-Wint-conversion]
..\Employee.c:40:48: warning: passing argument 1 of 'atoi' makes pointer from integer without a cast [-Wint-conversion]
   40 |   employee_setHorasTrabajadas(newEmployee,atoi(horasTrabajadas));
      |                                                ^~~~~~~~~~~~~~~
      |                                                |
      |                                                int
In file included from ..\Employee.c:2:
c:\mingw\include\stdlib.h:362:44: note: expected 'const char *' but argument is of type 'int'
  362 | _CRTIMP __cdecl __MINGW_NOTHROW  int atoi (const char *);
      |                                            ^~~~~~~~~~~~
..\Employee.c:41:39: warning: passing argument 1 of 'atoi' makes pointer from integer without a cast [-Wint-conversion]
   41 |   employee_setSueldo(newEmployee,atoi(sueldo));
      |                                       ^~~~~~
      |                                       |
      |                                       int
In file included from ..\Employee.c:2:
c:\mingw\include\stdlib.h:362:44: note: expected 'const char *' but argument is of type 'int'
  362 | _CRTIMP __cdecl __MINGW_NOTHROW  int atoi (const char *);
      |                                            ^~~~~~~~~~~~
..\Employee.c:35:6: warning: unused variable 'ret' [-Wunused-variable]
   35 |  int ret = -1;
      |      ^~~
gcc -O0 -g3 -Wall -c -fmessage-length=0 -o Controller.o "..\\Controller.c" 
gcc -O0 -g3 -Wall -c -fmessage-length=0 -o parser.o "..\\parser.c" 
gcc -O0 -g3 -Wall -c -fmessage-length=0 -o main.o "..\\main.c" 
gcc "-LC:\\Users\\pocho\\Desktop\\TRABAJOS_UTN\\tp_laboratorio_1\\utn-tp3\\tp3_windows" -o pruebaTp3.exe Controller.o Employee.o main.o parser.o utn.o validation.o -lLinkedList 
c:/mingw/bin/../lib/gcc/mingw32/9.2.0/../../../../mingw32/bin/ld.exe: Employee.o: in function `employee_newAlta':
C:\Users\pocho\Desktop\TRABAJOS_UTN\tp_laboratorio_1\utn-tp3\tp3_windows\Debug/../Employee.c:36: undefined reference to `empleado_new'
collect2.exe: error: ld returned 1 exit status
12:40:34 **** Incremental Build of configuration Debug for project pruebaTp3 ****
Info: Internal Builder is used for build
gcc -O0 -g3 -Wall -c -fmessage-length=0 -o Employee.o "..\\Employee.c" 
..\Employee.c: In function 'employee_newAlta':
..\Employee.c:36:26: warning: implicit declaration of function 'empleado_new'; did you mean 'employee_new'? [-Wimplicit-function-declaration]
   36 |  Employee* newEmployee = empleado_new();
      |                          ^~~~~~~~~~~~
      |                          employee_new
..\Employee.c:36:26: warning: initialization of 'Employee *' {aka 'struct <anonymous> *'} from 'int' makes pointer from integer without a cast [-Wint-conversion]
..\Employee.c:40:48: warning: passing argument 1 of 'atoi' makes pointer from integer without a cast [-Wint-conversion]
   40 |   employee_setHorasTrabajadas(newEmployee,atoi(horasTrabajadas));
      |                                                ^~~~~~~~~~~~~~~
      |                                                |
      |                                                int
In file included from ..\Employee.c:2:
c:\mingw\include\stdlib.h:362:44: note: expected 'const char *' but argument is of type 'int'
  362 | _CRTIMP __cdecl __MINGW_NOTHROW  int atoi (const char *);
      |                                            ^~~~~~~~~~~~
..\Employee.c:41:39: warning: passing argument 1 of 'atoi' makes pointer from integer without a cast [-Wint-conversion]
   41 |   employee_setSueldo(newEmployee,atoi(sueldo));
      |                                       ^~~~~~
      |                                       |
      |                                       int
In file included from ..\Employee.c:2:
c:\mingw\include\stdlib.h:362:44: note: expected 'const char *' but argument is of type 'int'
  362 | _CRTIMP __cdecl __MINGW_NOTHROW  int atoi (const char *);
      |                                            ^~~~~~~~~~~~
..\Employee.c:35:6: warning: unused variable 'ret' [-Wunused-variable]
   35 |  int ret = -1;
      |      ^~~
gcc "-LC:\\Users\\pocho\\Desktop\\TRABAJOS_UTN\\tp_laboratorio_1\\utn-tp3\\tp3_windows" -o pruebaTp3.exe Controller.o Employee.o main.o parser.o utn.o validation.o -lLinkedList 
c:/mingw/bin/../lib/gcc/mingw32/9.2.0/../../../../mingw32/bin/ld.exe: Employee.o: in function `employee_newAlta':
C:\Users\pocho\Desktop\TRABAJOS_UTN\tp_laboratorio_1\utn-tp3\tp3_windows\Debug/../Employee.c:36: undefined reference to `empleado_new'
collect2.exe: error: ld returned 1 exit status
12:40:45 **** Incremental Build of configuration Debug for project pruebaTp3 ****
Info: Internal Builder is used for build
gcc -O0 -g3 -Wall -c -fmessage-length=0 -o Employee.o "..\\Employee.c" 
..\Employee.c: In function 'employee_newAlta':
..\Employee.c:35:26: warning: implicit declaration of function 'empleado_new'; did you mean 'employee_new'? [-Wimplicit-function-declaration]
   35 |  Employee* newEmployee = empleado_new();
      |                          ^~~~~~~~~~~~
      |                          employee_new
..\Employee.c:35:26: warning: initialization of 'Employee *' {aka 'struct <anonymous> *'} from 'int' makes pointer from integer without a cast [-Wint-conversion]
..\Employee.c:39:48: warning: passing argument 1 of 'atoi' makes pointer from integer without a cast [-Wint-conversion]
   39 |   employee_setHorasTrabajadas(newEmployee,atoi(horasTrabajadas));
      |                                                ^~~~~~~~~~~~~~~
      |                                                |
      |                                                int
In file included from ..\Employee.c:2:
c:\mingw\include\stdlib.h:362:44: note: expected 'const char *' but argument is of type 'int'
  362 | _CRTIMP __cdecl __MINGW_NOTHROW  int atoi (const char *);
      |                                            ^~~~~~~~~~~~
..\Employee.c:40:39: warning: passing argument 1 of 'atoi' makes pointer from integer without a cast [-Wint-conversion]
   40 |   employee_setSueldo(newEmployee,atoi(sueldo));
      |                                       ^~~~~~
      |                                       |
      |                                       int
In file included from ..\Employee.c:2:
c:\mingw\include\stdlib.h:362:44: note: expected 'const char *' but argument is of type 'int'
  362 | _CRTIMP __cdecl __MINGW_NOTHROW  int atoi (const char *);
      |                                            ^~~~~~~~~~~~
gcc "-LC:\\Users\\pocho\\Desktop\\TRABAJOS_UTN\\tp_laboratorio_1\\utn-tp3\\tp3_windows" -o pruebaTp3.exe Controller.o Employee.o main.o parser.o utn.o validation.o -lLinkedList 
c:/mingw/bin/../lib/gcc/mingw32/9.2.0/../../../../mingw32/bin/ld.exe: Employee.o: in function `employee_newAlta':
C:\Users\pocho\Desktop\TRABAJOS_UTN\tp_laboratorio_1\utn-tp3\tp3_windows\Debug/../Employee.c:35: undefined reference to `empleado_new'
collect2.exe: error: ld returned 1 exit status
12:40:56 **** Incremental Build of configuration Debug for project pruebaTp3 ****
Info: Internal Builder is used for build
gcc -O0 -g3 -Wall -c -fmessage-length=0 -o Employee.o "..\\Employee.c" 
..\Employee.c: In function 'employee_newAlta':
..\Employee.c:39:48: warning: passing argument 1 of 'atoi' makes pointer from integer without a cast [-Wint-conversion]
   39 |   employee_setHorasTrabajadas(newEmployee,atoi(horasTrabajadas));
      |                                                ^~~~~~~~~~~~~~~
      |                                                |
      |                                                int
In file included from ..\Employee.c:2:
c:\mingw\include\stdlib.h:362:44: note: expected 'const char *' but argument is of type 'int'
  362 | _CRTIMP __cdecl __MINGW_NOTHROW  int atoi (const char *);
      |                                            ^~~~~~~~~~~~
..\Employee.c:40:39: warning: passing argument 1 of 'atoi' makes pointer from integer without a cast [-Wint-conversion]
   40 |   employee_setSueldo(newEmployee,atoi(sueldo));
      |                                       ^~~~~~
      |                                       |
      |                                       int
In file included from ..\Employee.c:2:
c:\mingw\include\stdlib.h:362:44: note: expected 'const char *' but argument is of type 'int'
  362 | _CRTIMP __cdecl __MINGW_NOTHROW  int atoi (const char *);
      |                                            ^~~~~~~~~~~~
gcc "-LC:\\Users\\pocho\\Desktop\\TRABAJOS_UTN\\tp_laboratorio_1\\utn-tp3\\tp3_windows" -o pruebaTp3.exe Controller.o Employee.o main.o parser.o utn.o validation.o -lLinkedList 
12:41:20 **** Incremental Build of configuration Debug for project pruebaTp3 ****
Info: Internal Builder is used for build
gcc -O0 -g3 -Wall -c -fmessage-length=0 -o Employee.o "..\\Employee.c" 
gcc "-LC:\\Users\\pocho\\Desktop\\TRABAJOS_UTN\\tp_laboratorio_1\\utn-tp3\\tp3_windows" -o pruebaTp3.exe Controller.o Employee.o main.o parser.o utn.o validation.o -lLinkedList 
18:26:48 **** Incremental Build of configuration Debug for project pruebaTp3 ****
Info: Internal Builder is used for build
gcc -O0 -g3 -Wall -c -fmessage-length=0 -o Controller.o "..\\Controller.c" 
..\Controller.c: In function 'controller_loadFromText':
..\Controller.c:19:6: warning: 'file' may be used uninitialized in this function [-Wmaybe-uninitialized]
   19 |   if(parser_openFileFromText(path,file)){
      |      ^~~~~~~~~~~~~~~~~~~~~~~~~~~~~~~~~~
gcc -O0 -g3 -Wall -c -fmessage-length=0 -o main.o "..\\main.c" 
gcc -O0 -g3 -Wall -c -fmessage-length=0 -o parser.o "..\\parser.c" 
..\parser.c: In function 'parser_EmployeeFromText':
..\parser.c:21:31: warning: format '%[^,' expects argument of type 'char *', but argument 3 has type 'char **' [-Wformat=]
   21 |     count = fscanf(pFile, "%[^,],%[^,],%[^,],%[^,]", buffer[0],
      |                            ~~~^                      ~~~~~~~~~
      |                               |                            |
      |                               char *                       char **
..\parser.c:21:37: warning: format '%[^,' expects argument of type 'char *', but argument 4 has type 'char **' [-Wformat=]
   21 |     count = fscanf(pFile, "%[^,],%[^,],%[^,],%[^,]", buffer[0],
      |                                  ~~~^
      |                                     |
      |                                     char *
   22 |       buffer[1], buffer[2], buffer[3]);
      |       ~~~~~~~~~                      
      |             |
      |             char **
..\parser.c:21:43: warning: format '%[^,' expects argument of type 'char *', but argument 5 has type 'char **' [-Wformat=]
   21 |     count = fscanf(pFile, "%[^,],%[^,],%[^,],%[^,]", buffer[0],
      |                                        ~~~^
      |                                           |
      |                                           char *
   22 |       buffer[1], buffer[2], buffer[3]);
      |                  ~~~~~~~~~                 
      |                        |
      |                        char **
..\parser.c:21:49: warning: format '%[^,' expects argument of type 'char *', but argument 6 has type 'char **' [-Wformat=]
   21 |     count = fscanf(pFile, "%[^,],%[^,],%[^,],%[^,]", buffer[0],
      |                                              ~~~^
      |                                                 |
      |                                                 char *
   22 |       buffer[1], buffer[2], buffer[3]);
      |                             ~~~~~~~~~            
      |                                   |
      |                                   char **
..\parser.c:26:48: warning: passing argument 1 of 'employee_newParametros' from incompatible pointer type [-Wincompatible-pointer-types]
   26 |     newEmployee = employee_newParametros(buffer[0], buffer[1],
      |                                          ~~~~~~^~~
      |                                                |
      |                                                char **
In file included from ..\parser.c:4:
..\Employee.h:12:11: note: expected 'char *' but argument is of type 'char **'
   12 | Employee* employee_newParametros(char* idStr,char* nombreStr,char* horasTrabajadasStr,char* sueldoStr);
      |           ^~~~~~~~~~~~~~~~~~~~~~
..\parser.c:26:59: warning: passing argument 2 of 'employee_newParametros' from incompatible pointer type [-Wincompatible-pointer-types]
   26 |     newEmployee = employee_newParametros(buffer[0], buffer[1],
      |                                                     ~~~~~~^~~
      |                                                           |
      |                                                           char **
In file included from ..\parser.c:4:
..\Employee.h:12:11: note: expected 'char *' but argument is of type 'char **'
   12 | Employee* employee_newParametros(char* idStr,char* nombreStr,char* horasTrabajadasStr,char* sueldoStr);
      |           ^~~~~~~~~~~~~~~~~~~~~~
..\parser.c:27:13: warning: passing argument 3 of 'employee_newParametros' from incompatible pointer type [-Wincompatible-pointer-types]
   27 |       buffer[2], buffer[3]);
      |       ~~~~~~^~~
      |             |
      |             char **
In file included from ..\parser.c:4:
..\Employee.h:12:11: note: expected 'char *' but argument is of type 'char **'
   12 | Employee* employee_newParametros(char* idStr,char* nombreStr,char* horasTrabajadasStr,char* sueldoStr);
      |           ^~~~~~~~~~~~~~~~~~~~~~
..\parser.c:27:24: warning: passing argument 4 of 'employee_newParametros' from incompatible pointer type [-Wincompatible-pointer-types]
   27 |       buffer[2], buffer[3]);
      |                  ~~~~~~^~~
      |                        |
      |                        char **
In file included from ..\parser.c:4:
..\Employee.h:12:11: note: expected 'char *' but argument is of type 'char **'
   12 | Employee* employee_newParametros(char* idStr,char* nombreStr,char* horasTrabajadasStr,char* sueldoStr);
      |           ^~~~~~~~~~~~~~~~~~~~~~
..\parser.c:30:6: error: conversion to non-scalar type requested
   30 |      if(ll_add(pArrayListEmployee,(Employee)newEmployee)==0){
      |      ^~
..\parser.c:17:6: warning: unused variable 'accum' [-Wunused-variable]
   17 |  int accum = 0;
      |      ^~~~~
18:27:13 **** Incremental Build of configuration Debug for project pruebaTp3 ****
Info: Internal Builder is used for build
gcc -O0 -g3 -Wall -c -fmessage-length=0 -o parser.o "..\\parser.c" 
..\parser.c: In function 'parser_EmployeeFromText':
..\parser.c:20:31: warning: format '%[^,' expects argument of type 'char *', but argument 3 has type 'char **' [-Wformat=]
   20 |     count = fscanf(pFile, "%[^,],%[^,],%[^,],%[^,]", buffer[0],
      |                            ~~~^                      ~~~~~~~~~
      |                               |                            |
      |                               char *                       char **
..\parser.c:20:37: warning: format '%[^,' expects argument of type 'char *', but argument 4 has type 'char **' [-Wformat=]
   20 |     count = fscanf(pFile, "%[^,],%[^,],%[^,],%[^,]", buffer[0],
      |                                  ~~~^
      |                                     |
      |                                     char *
   21 |       buffer[1], buffer[2], buffer[3]);
      |       ~~~~~~~~~                      
      |             |
      |             char **
..\parser.c:20:43: warning: format '%[^,' expects argument of type 'char *', but argument 5 has type 'char **' [-Wformat=]
   20 |     count = fscanf(pFile, "%[^,],%[^,],%[^,],%[^,]", buffer[0],
      |                                        ~~~^
      |                                           |
      |                                           char *
   21 |       buffer[1], buffer[2], buffer[3]);
      |                  ~~~~~~~~~                 
      |                        |
      |                        char **
..\parser.c:20:49: warning: format '%[^,' expects argument of type 'char *', but argument 6 has type 'char **' [-Wformat=]
   20 |     count = fscanf(pFile, "%[^,],%[^,],%[^,],%[^,]", buffer[0],
      |                                              ~~~^
      |                                                 |
      |                                                 char *
   21 |       buffer[1], buffer[2], buffer[3]);
      |                             ~~~~~~~~~            
      |                                   |
      |                                   char **
..\parser.c:25:48: warning: passing argument 1 of 'employee_newParametros' from incompatible pointer type [-Wincompatible-pointer-types]
   25 |     newEmployee = employee_newParametros(buffer[0], buffer[1],
      |                                          ~~~~~~^~~
      |                                                |
      |                                                char **
In file included from ..\parser.c:4:
..\Employee.h:12:11: note: expected 'char *' but argument is of type 'char **'
   12 | Employee* employee_newParametros(char* idStr,char* nombreStr,char* horasTrabajadasStr,char* sueldoStr);
      |           ^~~~~~~~~~~~~~~~~~~~~~
..\parser.c:25:59: warning: passing argument 2 of 'employee_newParametros' from incompatible pointer type [-Wincompatible-pointer-types]
   25 |     newEmployee = employee_newParametros(buffer[0], buffer[1],
      |                                                     ~~~~~~^~~
      |                                                           |
      |                                                           char **
In file included from ..\parser.c:4:
..\Employee.h:12:11: note: expected 'char *' but argument is of type 'char **'
   12 | Employee* employee_newParametros(char* idStr,char* nombreStr,char* horasTrabajadasStr,char* sueldoStr);
      |           ^~~~~~~~~~~~~~~~~~~~~~
..\parser.c:26:13: warning: passing argument 3 of 'employee_newParametros' from incompatible pointer type [-Wincompatible-pointer-types]
   26 |       buffer[2], buffer[3]);
      |       ~~~~~~^~~
      |             |
      |             char **
In file included from ..\parser.c:4:
..\Employee.h:12:11: note: expected 'char *' but argument is of type 'char **'
   12 | Employee* employee_newParametros(char* idStr,char* nombreStr,char* horasTrabajadasStr,char* sueldoStr);
      |           ^~~~~~~~~~~~~~~~~~~~~~
..\parser.c:26:24: warning: passing argument 4 of 'employee_newParametros' from incompatible pointer type [-Wincompatible-pointer-types]
   26 |       buffer[2], buffer[3]);
      |                  ~~~~~~^~~
      |                        |
      |                        char **
In file included from ..\parser.c:4:
..\Employee.h:12:11: note: expected 'char *' but argument is of type 'char **'
   12 | Employee* employee_newParametros(char* idStr,char* nombreStr,char* horasTrabajadasStr,char* sueldoStr);
      |           ^~~~~~~~~~~~~~~~~~~~~~
..\parser.c:29:6: error: conversion to non-scalar type requested
   29 |      if(ll_add(pArrayListEmployee,(Employee)newEmployee)==0){
      |      ^~
18:27:53 **** Incremental Build of configuration Debug for project pruebaTp3 ****
Info: Internal Builder is used for build
gcc -O0 -g3 -Wall -c -fmessage-length=0 -o parser.o "..\\parser.c" 
..\parser.c: In function 'parser_EmployeeFromText':
..\parser.c:20:31: warning: format '%[^,' expects argument of type 'char *', but argument 3 has type 'char **' [-Wformat=]
   20 |     count = fscanf(pFile, "%[^,],%[^,],%[^,],%[^\n]", buffer[0],
      |                            ~~~^                       ~~~~~~~~~
      |                               |                             |
      |                               char *                        char **
..\parser.c:20:37: warning: format '%[^,' expects argument of type 'char *', but argument 4 has type 'char **' [-Wformat=]
   20 |     count = fscanf(pFile, "%[^,],%[^,],%[^,],%[^\n]", buffer[0],
      |                                  ~~~^
      |                                     |
      |                                     char *
   21 |       buffer[1], buffer[2], buffer[3]);
      |       ~~~~~~~~~                      
      |             |
      |             char **
..\parser.c:20:43: warning: format '%[^,' expects argument of type 'char *', but argument 5 has type 'char **' [-Wformat=]
   20 |     count = fscanf(pFile, "%[^,],%[^,],%[^,],%[^\n]", buffer[0],
      |                                        ~~~^
      |                                           |
      |                                           char *
   21 |       buffer[1], buffer[2], buffer[3]);
      |                  ~~~~~~~~~                 
      |                        |
      |                        char **
..\parser.c:20:49: warning: format '%[^
   ' expects argument of type 'char *', but argument 6 has type 'char **' [-Wformat=]
   20 |     count = fscanf(pFile, "%[^,],%[^,],%[^,],%[^\n]", buffer[0],
      |                                              ~~~^~
      |                                                 |
      |                                                 char *
   21 |       buffer[1], buffer[2], buffer[3]);
      |                             ~~~~~~~~~            
      |                                   |
      |                                   char **
..\parser.c:25:48: warning: passing argument 1 of 'employee_newParametros' from incompatible pointer type [-Wincompatible-pointer-types]
   25 |     newEmployee = employee_newParametros(buffer[0], buffer[1],
      |                                          ~~~~~~^~~
      |                                                |
      |                                                char **
In file included from ..\parser.c:4:
..\Employee.h:12:11: note: expected 'char *' but argument is of type 'char **'
   12 | Employee* employee_newParametros(char* idStr,char* nombreStr,char* horasTrabajadasStr,char* sueldoStr);
      |           ^~~~~~~~~~~~~~~~~~~~~~
..\parser.c:25:59: warning: passing argument 2 of 'employee_newParametros' from incompatible pointer type [-Wincompatible-pointer-types]
   25 |     newEmployee = employee_newParametros(buffer[0], buffer[1],
      |                                                     ~~~~~~^~~
      |                                                           |
      |                                                           char **
In file included from ..\parser.c:4:
..\Employee.h:12:11: note: expected 'char *' but argument is of type 'char **'
   12 | Employee* employee_newParametros(char* idStr,char* nombreStr,char* horasTrabajadasStr,char* sueldoStr);
      |           ^~~~~~~~~~~~~~~~~~~~~~
..\parser.c:26:13: warning: passing argument 3 of 'employee_newParametros' from incompatible pointer type [-Wincompatible-pointer-types]
   26 |       buffer[2], buffer[3]);
      |       ~~~~~~^~~
      |             |
      |             char **
In file included from ..\parser.c:4:
..\Employee.h:12:11: note: expected 'char *' but argument is of type 'char **'
   12 | Employee* employee_newParametros(char* idStr,char* nombreStr,char* horasTrabajadasStr,char* sueldoStr);
      |           ^~~~~~~~~~~~~~~~~~~~~~
..\parser.c:26:24: warning: passing argument 4 of 'employee_newParametros' from incompatible pointer type [-Wincompatible-pointer-types]
   26 |       buffer[2], buffer[3]);
      |                  ~~~~~~^~~
      |                        |
      |                        char **
In file included from ..\parser.c:4:
..\Employee.h:12:11: note: expected 'char *' but argument is of type 'char **'
   12 | Employee* employee_newParametros(char* idStr,char* nombreStr,char* horasTrabajadasStr,char* sueldoStr);
      |           ^~~~~~~~~~~~~~~~~~~~~~
..\parser.c:29:6: error: conversion to non-scalar type requested
   29 |      if(ll_add(pArrayListEmployee,(Employee)newEmployee)==0){
      |      ^~
18:28:38 **** Incremental Build of configuration Debug for project pruebaTp3 ****
Info: Internal Builder is used for build
gcc -O0 -g3 -Wall -c -fmessage-length=0 -o parser.o "..\\parser.c" 
..\parser.c: In function 'parser_EmployeeFromText':
..\parser.c:20:31: warning: format '%[^,' expects argument of type 'char *', but argument 3 has type 'char **' [-Wformat=]
   20 |     count = fscanf(pFile, "%[^,],%[^,],%[^,],%[^\n]\n", buffer[0],
      |                            ~~~^                         ~~~~~~~~~
      |                               |                               |
      |                               char *                          char **
..\parser.c:20:37: warning: format '%[^,' expects argument of type 'char *', but argument 4 has type 'char **' [-Wformat=]
   20 |     count = fscanf(pFile, "%[^,],%[^,],%[^,],%[^\n]\n", buffer[0],
      |                                  ~~~^
      |                                     |
      |                                     char *
   21 |       buffer[1], buffer[2], buffer[3]);
      |       ~~~~~~~~~                      
      |             |
      |             char **
..\parser.c:20:43: warning: format '%[^,' expects argument of type 'char *', but argument 5 has type 'char **' [-Wformat=]
   20 |     count = fscanf(pFile, "%[^,],%[^,],%[^,],%[^\n]\n", buffer[0],
      |                                        ~~~^
      |                                           |
      |                                           char *
   21 |       buffer[1], buffer[2], buffer[3]);
      |                  ~~~~~~~~~                 
      |                        |
      |                        char **
..\parser.c:20:49: warning: format '%[^
   ' expects argument of type 'char *', but argument 6 has type 'char **' [-Wformat=]
   20 |     count = fscanf(pFile, "%[^,],%[^,],%[^,],%[^\n]\n", buffer[0],
      |                                              ~~~^~
      |                                                 |
      |                                                 char *
   21 |       buffer[1], buffer[2], buffer[3]);
      |                             ~~~~~~~~~            
      |                                   |
      |                                   char **
..\parser.c:25:48: warning: passing argument 1 of 'employee_newParametros' from incompatible pointer type [-Wincompatible-pointer-types]
   25 |     newEmployee = employee_newParametros(buffer[0], buffer[1],
      |                                          ~~~~~~^~~
      |                                                |
      |                                                char **
In file included from ..\parser.c:4:
..\Employee.h:12:11: note: expected 'char *' but argument is of type 'char **'
   12 | Employee* employee_newParametros(char* idStr,char* nombreStr,char* horasTrabajadasStr,char* sueldoStr);
      |           ^~~~~~~~~~~~~~~~~~~~~~
..\parser.c:25:59: warning: passing argument 2 of 'employee_newParametros' from incompatible pointer type [-Wincompatible-pointer-types]
   25 |     newEmployee = employee_newParametros(buffer[0], buffer[1],
      |                                                     ~~~~~~^~~
      |                                                           |
      |                                                           char **
In file included from ..\parser.c:4:
..\Employee.h:12:11: note: expected 'char *' but argument is of type 'char **'
   12 | Employee* employee_newParametros(char* idStr,char* nombreStr,char* horasTrabajadasStr,char* sueldoStr);
      |           ^~~~~~~~~~~~~~~~~~~~~~
..\parser.c:26:13: warning: passing argument 3 of 'employee_newParametros' from incompatible pointer type [-Wincompatible-pointer-types]
   26 |       buffer[2], buffer[3]);
      |       ~~~~~~^~~
      |             |
      |             char **
In file included from ..\parser.c:4:
..\Employee.h:12:11: note: expected 'char *' but argument is of type 'char **'
   12 | Employee* employee_newParametros(char* idStr,char* nombreStr,char* horasTrabajadasStr,char* sueldoStr);
      |           ^~~~~~~~~~~~~~~~~~~~~~
..\parser.c:26:24: warning: passing argument 4 of 'employee_newParametros' from incompatible pointer type [-Wincompatible-pointer-types]
   26 |       buffer[2], buffer[3]);
      |                  ~~~~~~^~~
      |                        |
      |                        char **
In file included from ..\parser.c:4:
..\Employee.h:12:11: note: expected 'char *' but argument is of type 'char **'
   12 | Employee* employee_newParametros(char* idStr,char* nombreStr,char* horasTrabajadasStr,char* sueldoStr);
      |           ^~~~~~~~~~~~~~~~~~~~~~
..\parser.c:29:6: error: conversion to non-scalar type requested
   29 |      if(ll_add(pArrayListEmployee,(Employee)newEmployee)==0){
      |      ^~
18:29:01 **** Incremental Build of configuration Debug for project pruebaTp3 ****
Info: Internal Builder is used for build
gcc -O0 -g3 -Wall -c -fmessage-length=0 -o parser.o "..\\parser.c" 
..\parser.c: In function 'parser_EmployeeFromText':
..\parser.c:21:31: warning: format '%[^,' expects argument of type 'char *', but argument 3 has type 'char **' [-Wformat=]
   21 |     count = fscanf(pFile, "%[^,],%[^,],%[^,],%[^\n]\n", buffer[0],
      |                            ~~~^                         ~~~~~~~~~
      |                               |                               |
      |                               char *                          char **
..\parser.c:21:37: warning: format '%[^,' expects argument of type 'char *', but argument 4 has type 'char **' [-Wformat=]
   21 |     count = fscanf(pFile, "%[^,],%[^,],%[^,],%[^\n]\n", buffer[0],
      |                                  ~~~^
      |                                     |
      |                                     char *
   22 |       buffer[1], buffer[2], buffer[3]);
      |       ~~~~~~~~~                      
      |             |
      |             char **
..\parser.c:21:43: warning: format '%[^,' expects argument of type 'char *', but argument 5 has type 'char **' [-Wformat=]
   21 |     count = fscanf(pFile, "%[^,],%[^,],%[^,],%[^\n]\n", buffer[0],
      |                                        ~~~^
      |                                           |
      |                                           char *
   22 |       buffer[1], buffer[2], buffer[3]);
      |                  ~~~~~~~~~                 
      |                        |
      |                        char **
..\parser.c:21:49: warning: format '%[^
   ' expects argument of type 'char *', but argument 6 has type 'char **' [-Wformat=]
   21 |     count = fscanf(pFile, "%[^,],%[^,],%[^,],%[^\n]\n", buffer[0],
      |                                              ~~~^~
      |                                                 |
      |                                                 char *
   22 |       buffer[1], buffer[2], buffer[3]);
      |                             ~~~~~~~~~            
      |                                   |
      |                                   char **
..\parser.c:26:48: warning: passing argument 1 of 'employee_newParametros' from incompatible pointer type [-Wincompatible-pointer-types]
   26 |     newEmployee = employee_newParametros(buffer[0], buffer[1],
      |                                          ~~~~~~^~~
      |                                                |
      |                                                char **
In file included from ..\parser.c:5:
..\Employee.h:12:11: note: expected 'char *' but argument is of type 'char **'
   12 | Employee* employee_newParametros(char* idStr,char* nombreStr,char* horasTrabajadasStr,char* sueldoStr);
      |           ^~~~~~~~~~~~~~~~~~~~~~
..\parser.c:26:59: warning: passing argument 2 of 'employee_newParametros' from incompatible pointer type [-Wincompatible-pointer-types]
   26 |     newEmployee = employee_newParametros(buffer[0], buffer[1],
      |                                                     ~~~~~~^~~
      |                                                           |
      |                                                           char **
In file included from ..\parser.c:5:
..\Employee.h:12:11: note: expected 'char *' but argument is of type 'char **'
   12 | Employee* employee_newParametros(char* idStr,char* nombreStr,char* horasTrabajadasStr,char* sueldoStr);
      |           ^~~~~~~~~~~~~~~~~~~~~~
..\parser.c:27:13: warning: passing argument 3 of 'employee_newParametros' from incompatible pointer type [-Wincompatible-pointer-types]
   27 |       buffer[2], buffer[3]);
      |       ~~~~~~^~~
      |             |
      |             char **
In file included from ..\parser.c:5:
..\Employee.h:12:11: note: expected 'char *' but argument is of type 'char **'
   12 | Employee* employee_newParametros(char* idStr,char* nombreStr,char* horasTrabajadasStr,char* sueldoStr);
      |           ^~~~~~~~~~~~~~~~~~~~~~
..\parser.c:27:24: warning: passing argument 4 of 'employee_newParametros' from incompatible pointer type [-Wincompatible-pointer-types]
   27 |       buffer[2], buffer[3]);
      |                  ~~~~~~^~~
      |                        |
      |                        char **
In file included from ..\parser.c:5:
..\Employee.h:12:11: note: expected 'char *' but argument is of type 'char **'
   12 | Employee* employee_newParametros(char* idStr,char* nombreStr,char* horasTrabajadasStr,char* sueldoStr);
      |           ^~~~~~~~~~~~~~~~~~~~~~
..\parser.c:30:6: error: conversion to non-scalar type requested
   30 |      if(ll_add(pArrayListEmployee,(Employee)newEmployee)==0){
      |      ^~
18:30:22 **** Incremental Build of configuration Debug for project pruebaTp3 ****
Info: Internal Builder is used for build
gcc -O0 -g3 -Wall -c -fmessage-length=0 -o parser.o "..\\parser.c" 
..\parser.c: In function 'parser_EmployeeFromText':
..\parser.c:21:31: warning: format '%[^,' expects argument of type 'char *', but argument 3 has type 'char **' [-Wformat=]
   21 |     count = fscanf(pFile, "%[^,],%[^,],%[^,],%[^\n]\n", buffer[0],
      |                            ~~~^                         ~~~~~~~~~
      |                               |                               |
      |                               char *                          char **
..\parser.c:21:37: warning: format '%[^,' expects argument of type 'char *', but argument 4 has type 'char **' [-Wformat=]
   21 |     count = fscanf(pFile, "%[^,],%[^,],%[^,],%[^\n]\n", buffer[0],
      |                                  ~~~^
      |                                     |
      |                                     char *
   22 |       buffer[1], buffer[2], buffer[3]);
      |       ~~~~~~~~~                      
      |             |
      |             char **
..\parser.c:21:43: warning: format '%[^,' expects argument of type 'char *', but argument 5 has type 'char **' [-Wformat=]
   21 |     count = fscanf(pFile, "%[^,],%[^,],%[^,],%[^\n]\n", buffer[0],
      |                                        ~~~^
      |                                           |
      |                                           char *
   22 |       buffer[1], buffer[2], buffer[3]);
      |                  ~~~~~~~~~                 
      |                        |
      |                        char **
..\parser.c:21:49: warning: format '%[^
   ' expects argument of type 'char *', but argument 6 has type 'char **' [-Wformat=]
   21 |     count = fscanf(pFile, "%[^,],%[^,],%[^,],%[^\n]\n", buffer[0],
      |                                              ~~~^~
      |                                                 |
      |                                                 char *
   22 |       buffer[1], buffer[2], buffer[3]);
      |                             ~~~~~~~~~            
      |                                   |
      |                                   char **
..\parser.c:26:48: warning: passing argument 1 of 'employee_newParametros' from incompatible pointer type [-Wincompatible-pointer-types]
   26 |     newEmployee = employee_newParametros(buffer[0], buffer[1],
      |                                          ~~~~~~^~~
      |                                                |
      |                                                char **
In file included from ..\parser.c:5:
..\Employee.h:12:11: note: expected 'char *' but argument is of type 'char **'
   12 | Employee* employee_newParametros(char* idStr,char* nombreStr,char* horasTrabajadasStr,char* sueldoStr);
      |           ^~~~~~~~~~~~~~~~~~~~~~
..\parser.c:26:59: warning: passing argument 2 of 'employee_newParametros' from incompatible pointer type [-Wincompatible-pointer-types]
   26 |     newEmployee = employee_newParametros(buffer[0], buffer[1],
      |                                                     ~~~~~~^~~
      |                                                           |
      |                                                           char **
In file included from ..\parser.c:5:
..\Employee.h:12:11: note: expected 'char *' but argument is of type 'char **'
   12 | Employee* employee_newParametros(char* idStr,char* nombreStr,char* horasTrabajadasStr,char* sueldoStr);
      |           ^~~~~~~~~~~~~~~~~~~~~~
..\parser.c:27:13: warning: passing argument 3 of 'employee_newParametros' from incompatible pointer type [-Wincompatible-pointer-types]
   27 |       buffer[2], buffer[3]);
      |       ~~~~~~^~~
      |             |
      |             char **
In file included from ..\parser.c:5:
..\Employee.h:12:11: note: expected 'char *' but argument is of type 'char **'
   12 | Employee* employee_newParametros(char* idStr,char* nombreStr,char* horasTrabajadasStr,char* sueldoStr);
      |           ^~~~~~~~~~~~~~~~~~~~~~
..\parser.c:27:24: warning: passing argument 4 of 'employee_newParametros' from incompatible pointer type [-Wincompatible-pointer-types]
   27 |       buffer[2], buffer[3]);
      |                  ~~~~~~^~~
      |                        |
      |                        char **
In file included from ..\parser.c:5:
..\Employee.h:12:11: note: expected 'char *' but argument is of type 'char **'
   12 | Employee* employee_newParametros(char* idStr,char* nombreStr,char* horasTrabajadasStr,char* sueldoStr);
      |           ^~~~~~~~~~~~~~~~~~~~~~
..\parser.c:30:6: error: conversion to non-scalar type requested
   30 |      ll_add(pArrayListEmployee,(Employee)newEmployee)
      |      ^~~~~~
..\parser.c:30:54: error: expected ';' before 'ret'
   30 |      ll_add(pArrayListEmployee,(Employee)newEmployee)
      |                                                      ^
      |                                                      ;
   31 |       ret = 1;
      |       ~~~                                             
18:30:30 **** Incremental Build of configuration Debug for project pruebaTp3 ****
Info: Internal Builder is used for build
gcc -O0 -g3 -Wall -c -fmessage-length=0 -o parser.o "..\\parser.c" 
..\parser.c: In function 'parser_EmployeeFromText':
..\parser.c:21:31: warning: format '%[^,' expects argument of type 'char *', but argument 3 has type 'char **' [-Wformat=]
   21 |     count = fscanf(pFile, "%[^,],%[^,],%[^,],%[^\n]\n", buffer[0],
      |                            ~~~^                         ~~~~~~~~~
      |                               |                               |
      |                               char *                          char **
..\parser.c:21:37: warning: format '%[^,' expects argument of type 'char *', but argument 4 has type 'char **' [-Wformat=]
   21 |     count = fscanf(pFile, "%[^,],%[^,],%[^,],%[^\n]\n", buffer[0],
      |                                  ~~~^
      |                                     |
      |                                     char *
   22 |       buffer[1], buffer[2], buffer[3]);
      |       ~~~~~~~~~                      
      |             |
      |             char **
..\parser.c:21:43: warning: format '%[^,' expects argument of type 'char *', but argument 5 has type 'char **' [-Wformat=]
   21 |     count = fscanf(pFile, "%[^,],%[^,],%[^,],%[^\n]\n", buffer[0],
      |                                        ~~~^
      |                                           |
      |                                           char *
   22 |       buffer[1], buffer[2], buffer[3]);
      |                  ~~~~~~~~~                 
      |                        |
      |                        char **
..\parser.c:21:49: warning: format '%[^
   ' expects argument of type 'char *', but argument 6 has type 'char **' [-Wformat=]
   21 |     count = fscanf(pFile, "%[^,],%[^,],%[^,],%[^\n]\n", buffer[0],
      |                                              ~~~^~
      |                                                 |
      |                                                 char *
   22 |       buffer[1], buffer[2], buffer[3]);
      |                             ~~~~~~~~~            
      |                                   |
      |                                   char **
..\parser.c:26:48: warning: passing argument 1 of 'employee_newParametros' from incompatible pointer type [-Wincompatible-pointer-types]
   26 |     newEmployee = employee_newParametros(buffer[0], buffer[1],
      |                                          ~~~~~~^~~
      |                                                |
      |                                                char **
In file included from ..\parser.c:5:
..\Employee.h:12:11: note: expected 'char *' but argument is of type 'char **'
   12 | Employee* employee_newParametros(char* idStr,char* nombreStr,char* horasTrabajadasStr,char* sueldoStr);
      |           ^~~~~~~~~~~~~~~~~~~~~~
..\parser.c:26:59: warning: passing argument 2 of 'employee_newParametros' from incompatible pointer type [-Wincompatible-pointer-types]
   26 |     newEmployee = employee_newParametros(buffer[0], buffer[1],
      |                                                     ~~~~~~^~~
      |                                                           |
      |                                                           char **
In file included from ..\parser.c:5:
..\Employee.h:12:11: note: expected 'char *' but argument is of type 'char **'
   12 | Employee* employee_newParametros(char* idStr,char* nombreStr,char* horasTrabajadasStr,char* sueldoStr);
      |           ^~~~~~~~~~~~~~~~~~~~~~
..\parser.c:27:13: warning: passing argument 3 of 'employee_newParametros' from incompatible pointer type [-Wincompatible-pointer-types]
   27 |       buffer[2], buffer[3]);
      |       ~~~~~~^~~
      |             |
      |             char **
In file included from ..\parser.c:5:
..\Employee.h:12:11: note: expected 'char *' but argument is of type 'char **'
   12 | Employee* employee_newParametros(char* idStr,char* nombreStr,char* horasTrabajadasStr,char* sueldoStr);
      |           ^~~~~~~~~~~~~~~~~~~~~~
..\parser.c:27:24: warning: passing argument 4 of 'employee_newParametros' from incompatible pointer type [-Wincompatible-pointer-types]
   27 |       buffer[2], buffer[3]);
      |                  ~~~~~~^~~
      |                        |
      |                        char **
In file included from ..\parser.c:5:
..\Employee.h:12:11: note: expected 'char *' but argument is of type 'char **'
   12 | Employee* employee_newParametros(char* idStr,char* nombreStr,char* horasTrabajadasStr,char* sueldoStr);
      |           ^~~~~~~~~~~~~~~~~~~~~~
..\parser.c:30:6: error: conversion to non-scalar type requested
   30 |      ll_add(pArrayListEmployee,(Employee)newEmployee);
      |      ^~~~~~
18:30:41 **** Incremental Build of configuration Debug for project pruebaTp3 ****
Info: Internal Builder is used for build
gcc -O0 -g3 -Wall -c -fmessage-length=0 -o parser.o "..\\parser.c" 
..\parser.c: In function 'parser_EmployeeFromText':
..\parser.c:21:31: warning: format '%[^,' expects argument of type 'char *', but argument 3 has type 'char **' [-Wformat=]
   21 |     count = fscanf(pFile, "%[^,],%[^,],%[^,],%[^\n]\n", buffer[0],
      |                            ~~~^                         ~~~~~~~~~
      |                               |                               |
      |                               char *                          char **
..\parser.c:21:37: warning: format '%[^,' expects argument of type 'char *', but argument 4 has type 'char **' [-Wformat=]
   21 |     count = fscanf(pFile, "%[^,],%[^,],%[^,],%[^\n]\n", buffer[0],
      |                                  ~~~^
      |                                     |
      |                                     char *
   22 |       buffer[1], buffer[2], buffer[3]);
      |       ~~~~~~~~~                      
      |             |
      |             char **
..\parser.c:21:43: warning: format '%[^,' expects argument of type 'char *', but argument 5 has type 'char **' [-Wformat=]
   21 |     count = fscanf(pFile, "%[^,],%[^,],%[^,],%[^\n]\n", buffer[0],
      |                                        ~~~^
      |                                           |
      |                                           char *
   22 |       buffer[1], buffer[2], buffer[3]);
      |                  ~~~~~~~~~                 
      |                        |
      |                        char **
..\parser.c:21:49: warning: format '%[^
   ' expects argument of type 'char *', but argument 6 has type 'char **' [-Wformat=]
   21 |     count = fscanf(pFile, "%[^,],%[^,],%[^,],%[^\n]\n", buffer[0],
      |                                              ~~~^~
      |                                                 |
      |                                                 char *
   22 |       buffer[1], buffer[2], buffer[3]);
      |                             ~~~~~~~~~            
      |                                   |
      |                                   char **
..\parser.c:26:48: warning: passing argument 1 of 'employee_newParametros' from incompatible pointer type [-Wincompatible-pointer-types]
   26 |     newEmployee = employee_newParametros(buffer[0], buffer[1],
      |                                          ~~~~~~^~~
      |                                                |
      |                                                char **
In file included from ..\parser.c:5:
..\Employee.h:12:11: note: expected 'char *' but argument is of type 'char **'
   12 | Employee* employee_newParametros(char* idStr,char* nombreStr,char* horasTrabajadasStr,char* sueldoStr);
      |           ^~~~~~~~~~~~~~~~~~~~~~
..\parser.c:26:59: warning: passing argument 2 of 'employee_newParametros' from incompatible pointer type [-Wincompatible-pointer-types]
   26 |     newEmployee = employee_newParametros(buffer[0], buffer[1],
      |                                                     ~~~~~~^~~
      |                                                           |
      |                                                           char **
In file included from ..\parser.c:5:
..\Employee.h:12:11: note: expected 'char *' but argument is of type 'char **'
   12 | Employee* employee_newParametros(char* idStr,char* nombreStr,char* horasTrabajadasStr,char* sueldoStr);
      |           ^~~~~~~~~~~~~~~~~~~~~~
..\parser.c:27:13: warning: passing argument 3 of 'employee_newParametros' from incompatible pointer type [-Wincompatible-pointer-types]
   27 |       buffer[2], buffer[3]);
      |       ~~~~~~^~~
      |             |
      |             char **
In file included from ..\parser.c:5:
..\Employee.h:12:11: note: expected 'char *' but argument is of type 'char **'
   12 | Employee* employee_newParametros(char* idStr,char* nombreStr,char* horasTrabajadasStr,char* sueldoStr);
      |           ^~~~~~~~~~~~~~~~~~~~~~
..\parser.c:27:24: warning: passing argument 4 of 'employee_newParametros' from incompatible pointer type [-Wincompatible-pointer-types]
   27 |       buffer[2], buffer[3]);
      |                  ~~~~~~^~~
      |                        |
      |                        char **
In file included from ..\parser.c:5:
..\Employee.h:12:11: note: expected 'char *' but argument is of type 'char **'
   12 | Employee* employee_newParametros(char* idStr,char* nombreStr,char* horasTrabajadasStr,char* sueldoStr);
      |           ^~~~~~~~~~~~~~~~~~~~~~
gcc "-LC:\\Users\\pocho\\Desktop\\TRABAJOS_UTN\\tp_laboratorio_1\\utn-tp3\\tp3_windows" -o pruebaTp3.exe Controller.o Employee.o main.o parser.o utn.o validation.o -lLinkedList 
18:33:41 **** Incremental Build of configuration Debug for project pruebaTp3 ****
Info: Internal Builder is used for build
gcc -O0 -g3 -Wall -c -fmessage-length=0 -o parser.o "..\\parser.c" 
..\parser.c: In function 'parser_EmployeeFromText':
..\parser.c:21:23: warning: format '%[^,' expects argument of type 'char *', but argument 3 has type 'char **' [-Wformat=]
   21 |     fscanf(pFile, "%[^,],%[^,],%[^,],%[^\n]\n", buffer[0],
      |                    ~~~^                         ~~~~~~~~~
      |                       |                               |
      |                       char *                          char **
..\parser.c:21:29: warning: format '%[^,' expects argument of type 'char *', but argument 4 has type 'char **' [-Wformat=]
   21 |     fscanf(pFile, "%[^,],%[^,],%[^,],%[^\n]\n", buffer[0],
      |                          ~~~^
      |                             |
      |                             char *
   22 |       buffer[1], buffer[2], buffer[3]);
      |       ~~~~~~~~~              
      |             |
      |             char **
..\parser.c:21:35: warning: format '%[^,' expects argument of type 'char *', but argument 5 has type 'char **' [-Wformat=]
   21 |     fscanf(pFile, "%[^,],%[^,],%[^,],%[^\n]\n", buffer[0],
      |                                ~~~^
      |                                   |
      |                                   char *
   22 |       buffer[1], buffer[2], buffer[3]);
      |                  ~~~~~~~~~         
      |                        |
      |                        char **
..\parser.c:21:41: warning: format '%[^
   ' expects argument of type 'char *', but argument 6 has type 'char **' [-Wformat=]
   21 |     fscanf(pFile, "%[^,],%[^,],%[^,],%[^\n]\n", buffer[0],
      |                                      ~~~^~
      |                                         |
      |                                         char *
   22 |       buffer[1], buffer[2], buffer[3]);
      |                             ~~~~~~~~~    
      |                                   |
      |                                   char **
..\parser.c:26:48: warning: passing argument 1 of 'employee_newParametros' from incompatible pointer type [-Wincompatible-pointer-types]
   26 |     newEmployee = employee_newParametros(buffer[0], buffer[1],
      |                                          ~~~~~~^~~
      |                                                |
      |                                                char **
In file included from ..\parser.c:5:
..\Employee.h:12:11: note: expected 'char *' but argument is of type 'char **'
   12 | Employee* employee_newParametros(char* idStr,char* nombreStr,char* horasTrabajadasStr,char* sueldoStr);
      |           ^~~~~~~~~~~~~~~~~~~~~~
..\parser.c:26:59: warning: passing argument 2 of 'employee_newParametros' from incompatible pointer type [-Wincompatible-pointer-types]
   26 |     newEmployee = employee_newParametros(buffer[0], buffer[1],
      |                                                     ~~~~~~^~~
      |                                                           |
      |                                                           char **
In file included from ..\parser.c:5:
..\Employee.h:12:11: note: expected 'char *' but argument is of type 'char **'
   12 | Employee* employee_newParametros(char* idStr,char* nombreStr,char* horasTrabajadasStr,char* sueldoStr);
      |           ^~~~~~~~~~~~~~~~~~~~~~
..\parser.c:27:13: warning: passing argument 3 of 'employee_newParametros' from incompatible pointer type [-Wincompatible-pointer-types]
   27 |       buffer[2], buffer[3]);
      |       ~~~~~~^~~
      |             |
      |             char **
In file included from ..\parser.c:5:
..\Employee.h:12:11: note: expected 'char *' but argument is of type 'char **'
   12 | Employee* employee_newParametros(char* idStr,char* nombreStr,char* horasTrabajadasStr,char* sueldoStr);
      |           ^~~~~~~~~~~~~~~~~~~~~~
..\parser.c:27:24: warning: passing argument 4 of 'employee_newParametros' from incompatible pointer type [-Wincompatible-pointer-types]
   27 |       buffer[2], buffer[3]);
      |                  ~~~~~~^~~
      |                        |
      |                        char **
In file included from ..\parser.c:5:
..\Employee.h:12:11: note: expected 'char *' but argument is of type 'char **'
   12 | Employee* employee_newParametros(char* idStr,char* nombreStr,char* horasTrabajadasStr,char* sueldoStr);
      |           ^~~~~~~~~~~~~~~~~~~~~~
..\parser.c:23:8: warning: 'count' may be used uninitialized in this function [-Wmaybe-uninitialized]
   23 |     if (count < 4) {
      |        ^
gcc "-LC:\\Users\\pocho\\Desktop\\TRABAJOS_UTN\\tp_laboratorio_1\\utn-tp3\\tp3_windows" -o pruebaTp3.exe Controller.o Employee.o main.o parser.o utn.o validation.o -lLinkedList 
18:33:46 **** Incremental Build of configuration Debug for project pruebaTp3 ****
Info: Internal Builder is used for build
gcc -O0 -g3 -Wall -c -fmessage-length=0 -o parser.o "..\\parser.c" 
..\parser.c: In function 'parser_EmployeeFromText':
..\parser.c:21:31: warning: format '%[^,' expects argument of type 'char *', but argument 3 has type 'char **' [-Wformat=]
   21 |     count = fscanf(pFile, "%[^,],%[^,],%[^,],%[^\n]\n", buffer[0],
      |                            ~~~^                         ~~~~~~~~~
      |                               |                               |
      |                               char *                          char **
..\parser.c:21:37: warning: format '%[^,' expects argument of type 'char *', but argument 4 has type 'char **' [-Wformat=]
   21 |     count = fscanf(pFile, "%[^,],%[^,],%[^,],%[^\n]\n", buffer[0],
      |                                  ~~~^
      |                                     |
      |                                     char *
   22 |       buffer[1], buffer[2], buffer[3]);
      |       ~~~~~~~~~                      
      |             |
      |             char **
..\parser.c:21:43: warning: format '%[^,' expects argument of type 'char *', but argument 5 has type 'char **' [-Wformat=]
   21 |     count = fscanf(pFile, "%[^,],%[^,],%[^,],%[^\n]\n", buffer[0],
      |                                        ~~~^
      |                                           |
      |                                           char *
   22 |       buffer[1], buffer[2], buffer[3]);
      |                  ~~~~~~~~~                 
      |                        |
      |                        char **
..\parser.c:21:49: warning: format '%[^
   ' expects argument of type 'char *', but argument 6 has type 'char **' [-Wformat=]
   21 |     count = fscanf(pFile, "%[^,],%[^,],%[^,],%[^\n]\n", buffer[0],
      |                                              ~~~^~
      |                                                 |
      |                                                 char *
   22 |       buffer[1], buffer[2], buffer[3]);
      |                             ~~~~~~~~~            
      |                                   |
      |                                   char **
..\parser.c:26:48: warning: passing argument 1 of 'employee_newParametros' from incompatible pointer type [-Wincompatible-pointer-types]
   26 |     newEmployee = employee_newParametros(buffer[0], buffer[1],
      |                                          ~~~~~~^~~
      |                                                |
      |                                                char **
In file included from ..\parser.c:5:
..\Employee.h:12:11: note: expected 'char *' but argument is of type 'char **'
   12 | Employee* employee_newParametros(char* idStr,char* nombreStr,char* horasTrabajadasStr,char* sueldoStr);
      |           ^~~~~~~~~~~~~~~~~~~~~~
..\parser.c:26:59: warning: passing argument 2 of 'employee_newParametros' from incompatible pointer type [-Wincompatible-pointer-types]
   26 |     newEmployee = employee_newParametros(buffer[0], buffer[1],
      |                                                     ~~~~~~^~~
      |                                                           |
      |                                                           char **
In file included from ..\parser.c:5:
..\Employee.h:12:11: note: expected 'char *' but argument is of type 'char **'
   12 | Employee* employee_newParametros(char* idStr,char* nombreStr,char* horasTrabajadasStr,char* sueldoStr);
      |           ^~~~~~~~~~~~~~~~~~~~~~
..\parser.c:27:13: warning: passing argument 3 of 'employee_newParametros' from incompatible pointer type [-Wincompatible-pointer-types]
   27 |       buffer[2], buffer[3]);
      |       ~~~~~~^~~
      |             |
      |             char **
In file included from ..\parser.c:5:
..\Employee.h:12:11: note: expected 'char *' but argument is of type 'char **'
   12 | Employee* employee_newParametros(char* idStr,char* nombreStr,char* horasTrabajadasStr,char* sueldoStr);
      |           ^~~~~~~~~~~~~~~~~~~~~~
..\parser.c:27:24: warning: passing argument 4 of 'employee_newParametros' from incompatible pointer type [-Wincompatible-pointer-types]
   27 |       buffer[2], buffer[3]);
      |                  ~~~~~~^~~
      |                        |
      |                        char **
In file included from ..\parser.c:5:
..\Employee.h:12:11: note: expected 'char *' but argument is of type 'char **'
   12 | Employee* employee_newParametros(char* idStr,char* nombreStr,char* horasTrabajadasStr,char* sueldoStr);
      |           ^~~~~~~~~~~~~~~~~~~~~~
gcc "-LC:\\Users\\pocho\\Desktop\\TRABAJOS_UTN\\tp_laboratorio_1\\utn-tp3\\tp3_windows" -o pruebaTp3.exe Controller.o Employee.o main.o parser.o utn.o validation.o -lLinkedList 
18:34:19 **** Incremental Build of configuration Debug for project pruebaTp3 ****
Info: Internal Builder is used for build
gcc -O0 -g3 -Wall -c -fmessage-length=0 -o parser.o "..\\parser.c" 
gcc "-LC:\\Users\\pocho\\Desktop\\TRABAJOS_UTN\\tp_laboratorio_1\\utn-tp3\\tp3_windows" -o pruebaTp3.exe Controller.o Employee.o main.o parser.o utn.o validation.o -lLinkedList 
Info: Nothing to build for pruebaTp3
Info: Nothing to build for pruebaTp3
18:35:13 **** Incremental Build of configuration Debug for project pruebaTp3 ****
Info: Internal Builder is used for build
gcc -O0 -g3 -Wall -c -fmessage-length=0 -o main.o "..\\main.c" 
gcc "-LC:\\Users\\pocho\\Desktop\\TRABAJOS_UTN\\tp_laboratorio_1\\utn-tp3\\tp3_windows" -o pruebaTp3.exe Controller.o Employee.o main.o parser.o utn.o validation.o -lLinkedList 
Info: Nothing to build for pruebaTp3
18:35:51 **** Incremental Build of configuration Debug for project pruebaTp3 ****
Info: Internal Builder is used for build
gcc -O0 -g3 -Wall -c -fmessage-length=0 -o parser.o "..\\parser.c" 
gcc "-LC:\\Users\\pocho\\Desktop\\TRABAJOS_UTN\\tp_laboratorio_1\\utn-tp3\\tp3_windows" -o pruebaTp3.exe Controller.o Employee.o main.o parser.o utn.o validation.o -lLinkedList 
Info: Nothing to build for pruebaTp3
18:36:48 **** Incremental Build of configuration Debug for project pruebaTp3 ****
Info: Internal Builder is used for build
gcc -O0 -g3 -Wall -c -fmessage-length=0 -o parser.o "..\\parser.c" 
gcc "-LC:\\Users\\pocho\\Desktop\\TRABAJOS_UTN\\tp_laboratorio_1\\utn-tp3\\tp3_windows" -o pruebaTp3.exe Controller.o Employee.o main.o parser.o utn.o validation.o -lLinkedList 
c:/mingw/bin/../lib/gcc/mingw32/9.2.0/../../../../mingw32/bin/ld.exe: cannot open output file pruebaTp3.exe: Permission denied
collect2.exe: error: ld returned 1 exit status
18:36:50 **** Incremental Build of configuration Debug for project pruebaTp3 ****
Info: Internal Builder is used for build
gcc "-LC:\\Users\\pocho\\Desktop\\TRABAJOS_UTN\\tp_laboratorio_1\\utn-tp3\\tp3_windows" -o pruebaTp3.exe Controller.o Employee.o main.o parser.o utn.o validation.o -lLinkedList 
Info: Nothing to build for pruebaTp3
18:37:19 **** Incremental Build of configuration Debug for project pruebaTp3 ****
Info: Internal Builder is used for build
gcc -O0 -g3 -Wall -c -fmessage-length=0 -o parser.o "..\\parser.c" 
gcc "-LC:\\Users\\pocho\\Desktop\\TRABAJOS_UTN\\tp_laboratorio_1\\utn-tp3\\tp3_windows" -o pruebaTp3.exe Controller.o Employee.o main.o parser.o utn.o validation.o -lLinkedList 
c:/mingw/bin/../lib/gcc/mingw32/9.2.0/../../../../mingw32/bin/ld.exe: cannot open output file pruebaTp3.exe: Permission denied
collect2.exe: error: ld returned 1 exit status
18:37:21 **** Incremental Build of configuration Debug for project pruebaTp3 ****
Info: Internal Builder is used for build
gcc "-LC:\\Users\\pocho\\Desktop\\TRABAJOS_UTN\\tp_laboratorio_1\\utn-tp3\\tp3_windows" -o pruebaTp3.exe Controller.o Employee.o main.o parser.o utn.o validation.o -lLinkedList 
Info: Nothing to build for pruebaTp3
18:38:09 **** Incremental Build of configuration Debug for project pruebaTp3 ****
Info: Internal Builder is used for build
gcc -O0 -g3 -Wall -c -fmessage-length=0 -o parser.o "..\\parser.c" 
gcc "-LC:\\Users\\pocho\\Desktop\\TRABAJOS_UTN\\tp_laboratorio_1\\utn-tp3\\tp3_windows" -o pruebaTp3.exe Controller.o Employee.o main.o parser.o utn.o validation.o -lLinkedList 
Info: Nothing to build for pruebaTp3
18:39:26 **** Incremental Build of configuration Debug for project pruebaTp3 ****
Info: Internal Builder is used for build
gcc -O0 -g3 -Wall -c -fmessage-length=0 -o parser.o "..\\parser.c" 
gcc "-LC:\\Users\\pocho\\Desktop\\TRABAJOS_UTN\\tp_laboratorio_1\\utn-tp3\\tp3_windows" -o pruebaTp3.exe Controller.o Employee.o main.o parser.o utn.o validation.o -lLinkedList 
c:/mingw/bin/../lib/gcc/mingw32/9.2.0/../../../../mingw32/bin/ld.exe: cannot open output file pruebaTp3.exe: Permission denied
collect2.exe: error: ld returned 1 exit status
18:39:28 **** Incremental Build of configuration Debug for project pruebaTp3 ****
Info: Internal Builder is used for build
gcc "-LC:\\Users\\pocho\\Desktop\\TRABAJOS_UTN\\tp_laboratorio_1\\utn-tp3\\tp3_windows" -o pruebaTp3.exe Controller.o Employee.o main.o parser.o utn.o validation.o -lLinkedList 
Info: Nothing to build for pruebaTp3
18:44:22 **** Incremental Build of configuration Debug for project pruebaTp3 ****
Info: Internal Builder is used for build
gcc -O0 -g3 -Wall -c -fmessage-length=0 -o Controller.o "..\\Controller.c" 
..\Controller.c: In function 'controller_loadFromText':
..\Controller.c:19:6: warning: 'file' may be used uninitialized in this function [-Wmaybe-uninitialized]
   19 |   if(parser_openFileFromText(path,file)){
      |      ^~~~~~~~~~~~~~~~~~~~~~~~~~~~~~~~~~
gcc "-LC:\\Users\\pocho\\Desktop\\TRABAJOS_UTN\\tp_laboratorio_1\\utn-tp3\\tp3_windows" -o pruebaTp3.exe Controller.o Employee.o main.o parser.o utn.o validation.o -lLinkedList 
c:/mingw/bin/../lib/gcc/mingw32/9.2.0/../../../../mingw32/bin/ld.exe: cannot open output file pruebaTp3.exe: Permission denied
collect2.exe: error: ld returned 1 exit status
18:44:24 **** Incremental Build of configuration Debug for project pruebaTp3 ****
Info: Internal Builder is used for build
gcc "-LC:\\Users\\pocho\\Desktop\\TRABAJOS_UTN\\tp_laboratorio_1\\utn-tp3\\tp3_windows" -o pruebaTp3.exe Controller.o Employee.o main.o parser.o utn.o validation.o -lLinkedList 
Info: Nothing to build for pruebaTp3
18:44:43 **** Incremental Build of configuration Debug for project pruebaTp3 ****
Info: Internal Builder is used for build
gcc -O0 -g3 -Wall -c -fmessage-length=0 -o parser.o "..\\parser.c" 
gcc "-LC:\\Users\\pocho\\Desktop\\TRABAJOS_UTN\\tp_laboratorio_1\\utn-tp3\\tp3_windows" -o pruebaTp3.exe Controller.o Employee.o main.o parser.o utn.o validation.o -lLinkedList 
c:/mingw/bin/../lib/gcc/mingw32/9.2.0/../../../../mingw32/bin/ld.exe: cannot open output file pruebaTp3.exe: Permission denied
collect2.exe: error: ld returned 1 exit status
18:44:44 **** Incremental Build of configuration Debug for project pruebaTp3 ****
Info: Internal Builder is used for build
gcc "-LC:\\Users\\pocho\\Desktop\\TRABAJOS_UTN\\tp_laboratorio_1\\utn-tp3\\tp3_windows" -o pruebaTp3.exe Controller.o Employee.o main.o parser.o utn.o validation.o -lLinkedList 
Info: Nothing to build for pruebaTp3
18:45:53 **** Incremental Build of configuration Debug for project pruebaTp3 ****
Info: Internal Builder is used for build
gcc -O0 -g3 -Wall -c -fmessage-length=0 -o parser.o "..\\parser.c" 
gcc "-LC:\\Users\\pocho\\Desktop\\TRABAJOS_UTN\\tp_laboratorio_1\\utn-tp3\\tp3_windows" -o pruebaTp3.exe Controller.o Employee.o main.o parser.o utn.o validation.o -lLinkedList 
c:/mingw/bin/../lib/gcc/mingw32/9.2.0/../../../../mingw32/bin/ld.exe: cannot open output file pruebaTp3.exe: Permission denied
collect2.exe: error: ld returned 1 exit status
18:45:55 **** Incremental Build of configuration Debug for project pruebaTp3 ****
Info: Internal Builder is used for build
gcc "-LC:\\Users\\pocho\\Desktop\\TRABAJOS_UTN\\tp_laboratorio_1\\utn-tp3\\tp3_windows" -o pruebaTp3.exe Controller.o Employee.o main.o parser.o utn.o validation.o -lLinkedList 
Info: Nothing to build for pruebaTp3
18:47:34 **** Incremental Build of configuration Debug for project pruebaTp3 ****
Info: Internal Builder is used for build
gcc -O0 -g3 -Wall -c -fmessage-length=0 -o parser.o "..\\parser.c" 
..\parser.c: In function 'parser_EmployeeFromText':
..\parser.c:18:6: warning: variable 'count' set but not used [-Wunused-but-set-variable]
   18 |  int count;
      |      ^~~~~
gcc "-LC:\\Users\\pocho\\Desktop\\TRABAJOS_UTN\\tp_laboratorio_1\\utn-tp3\\tp3_windows" -o pruebaTp3.exe Controller.o Employee.o main.o parser.o utn.o validation.o -lLinkedList 
Info: Nothing to build for pruebaTp3
18:50:11 **** Incremental Build of configuration Debug for project pruebaTp3 ****
Info: Internal Builder is used for build
gcc -O0 -g3 -Wall -c -fmessage-length=0 -o parser.o "..\\parser.c" 
gcc "-LC:\\Users\\pocho\\Desktop\\TRABAJOS_UTN\\tp_laboratorio_1\\utn-tp3\\tp3_windows" -o pruebaTp3.exe Controller.o Employee.o main.o parser.o utn.o validation.o -lLinkedList 
Info: Nothing to build for pruebaTp3
18:50:23 **** Incremental Build of configuration Debug for project pruebaTp3 ****
Info: Internal Builder is used for build
gcc -O0 -g3 -Wall -c -fmessage-length=0 -o parser.o "..\\parser.c" 
gcc "-LC:\\Users\\pocho\\Desktop\\TRABAJOS_UTN\\tp_laboratorio_1\\utn-tp3\\tp3_windows" -o pruebaTp3.exe Controller.o Employee.o main.o parser.o utn.o validation.o -lLinkedList 
Info: Nothing to build for pruebaTp3
18:50:52 **** Incremental Build of configuration Debug for project pruebaTp3 ****
Info: Internal Builder is used for build
gcc -O0 -g3 -Wall -c -fmessage-length=0 -o parser.o "..\\parser.c" 
gcc "-LC:\\Users\\pocho\\Desktop\\TRABAJOS_UTN\\tp_laboratorio_1\\utn-tp3\\tp3_windows" -o pruebaTp3.exe Controller.o Employee.o main.o parser.o utn.o validation.o -lLinkedList 
Info: Nothing to build for pruebaTp3
18:51:32 **** Incremental Build of configuration Debug for project pruebaTp3 ****
Info: Internal Builder is used for build
gcc -O0 -g3 -Wall -c -fmessage-length=0 -o parser.o "..\\parser.c" 
gcc "-LC:\\Users\\pocho\\Desktop\\TRABAJOS_UTN\\tp_laboratorio_1\\utn-tp3\\tp3_windows" -o pruebaTp3.exe Controller.o Employee.o main.o parser.o utn.o validation.o -lLinkedList 
Info: Nothing to build for pruebaTp3
18:52:01 **** Incremental Build of configuration Debug for project pruebaTp3 ****
Info: Internal Builder is used for build
gcc -O0 -g3 -Wall -c -fmessage-length=0 -o parser.o "..\\parser.c" 
gcc "-LC:\\Users\\pocho\\Desktop\\TRABAJOS_UTN\\tp_laboratorio_1\\utn-tp3\\tp3_windows" -o pruebaTp3.exe Controller.o Employee.o main.o parser.o utn.o validation.o -lLinkedList 
Info: Nothing to build for pruebaTp3
18:56:04 **** Incremental Build of configuration Debug for project pruebaTp3 ****
Info: Internal Builder is used for build
gcc -O0 -g3 -Wall -c -fmessage-length=0 -o Controller.o "..\\Controller.c" 
gcc -O0 -g3 -Wall -c -fmessage-length=0 -o parser.o "..\\parser.c" 
gcc "-LC:\\Users\\pocho\\Desktop\\TRABAJOS_UTN\\tp_laboratorio_1\\utn-tp3\\tp3_windows" -o pruebaTp3.exe Controller.o Employee.o main.o parser.o utn.o validation.o -lLinkedList 
c:/mingw/bin/../lib/gcc/mingw32/9.2.0/../../../../mingw32/bin/ld.exe: cannot open output file pruebaTp3.exe: Permission denied
collect2.exe: error: ld returned 1 exit status
18:56:07 **** Incremental Build of configuration Debug for project pruebaTp3 ****
Info: Internal Builder is used for build
gcc "-LC:\\Users\\pocho\\Desktop\\TRABAJOS_UTN\\tp_laboratorio_1\\utn-tp3\\tp3_windows" -o pruebaTp3.exe Controller.o Employee.o main.o parser.o utn.o validation.o -lLinkedList 
Info: Nothing to build for pruebaTp3
18:58:12 **** Incremental Build of configuration Debug for project pruebaTp3 ****
Info: Internal Builder is used for build
gcc -O0 -g3 -Wall -c -fmessage-length=0 -o Controller.o "..\\Controller.c" 
..\Controller.c: In function 'controller_loadFromText':
..\Controller.c:19:6: warning: 'file' may be used uninitialized in this function [-Wmaybe-uninitialized]
   19 |   if(parser_openFileFromText(path,file)){
      |      ^~~~~~~~~~~~~~~~~~~~~~~~~~~~~~~~~~
gcc -O0 -g3 -Wall -c -fmessage-length=0 -o parser.o "..\\parser.c" 
gcc "-LC:\\Users\\pocho\\Desktop\\TRABAJOS_UTN\\tp_laboratorio_1\\utn-tp3\\tp3_windows" -o pruebaTp3.exe Controller.o Employee.o main.o parser.o utn.o validation.o -lLinkedList 
18:58:33 **** Incremental Build of configuration Debug for project pruebaTp3 ****
Info: Internal Builder is used for build
gcc -O0 -g3 -Wall -c -fmessage-length=0 -o Controller.o "..\\Controller.c" 
..\Controller.c: In function 'controller_loadFromText':
..\Controller.c:19:6: warning: 'file' may be used uninitialized in this function [-Wmaybe-uninitialized]
   19 |   if(parser_openFileFromText(path,file)){
      |      ^~~~~~~~~~~~~~~~~~~~~~~~~~~~~~~~~~
gcc "-LC:\\Users\\pocho\\Desktop\\TRABAJOS_UTN\\tp_laboratorio_1\\utn-tp3\\tp3_windows" -o pruebaTp3.exe Controller.o Employee.o main.o parser.o utn.o validation.o -lLinkedList 
18:59:21 **** Incremental Build of configuration Debug for project pruebaTp3 ****
Info: Internal Builder is used for build
gcc -O0 -g3 -Wall -c -fmessage-length=0 -o Controller.o "..\\Controller.c" 
..\Controller.c: In function 'controller_loadFromText':
..\Controller.c:19:35: warning: passing argument 2 of 'parser_openFileFromText' from incompatible pointer type [-Wincompatible-pointer-types]
   19 |   if(parser_openFileFromText(path,&file)){
      |                                   ^~~~~
      |                                   |
      |                                   FILE ** {aka struct _iobuf **}
In file included from ..\Controller.c:5:
..\parser.h:16:46: note: expected 'FILE *' {aka 'struct _iobuf *'} but argument is of type 'FILE **' {aka 'struct _iobuf **'}
   16 | int parser_openFileFromText(char* path,FILE* pFile);
      |                                        ~~~~~~^~~~~
gcc "-LC:\\Users\\pocho\\Desktop\\TRABAJOS_UTN\\tp_laboratorio_1\\utn-tp3\\tp3_windows" -o pruebaTp3.exe Controller.o Employee.o main.o parser.o utn.o validation.o -lLinkedList 
18:59:37 **** Incremental Build of configuration Debug for project pruebaTp3 ****
Info: Internal Builder is used for build
gcc -O0 -g3 -Wall -c -fmessage-length=0 -o Controller.o "..\\Controller.c" 
..\Controller.c: In function 'controller_loadFromText':
..\Controller.c:19:6: warning: 'file' may be used uninitialized in this function [-Wmaybe-uninitialized]
   19 |   if(parser_openFileFromText(path,file)){
      |      ^~~~~~~~~~~~~~~~~~~~~~~~~~~~~~~~~~
gcc "-LC:\\Users\\pocho\\Desktop\\TRABAJOS_UTN\\tp_laboratorio_1\\utn-tp3\\tp3_windows" -o pruebaTp3.exe Controller.o Employee.o main.o parser.o utn.o validation.o -lLinkedList 
19:01:00 **** Incremental Build of configuration Debug for project pruebaTp3 ****
Info: Internal Builder is used for build
gcc -O0 -g3 -Wall -c -fmessage-length=0 -o Controller.o "..\\Controller.c" 
..\Controller.c: In function 'controller_loadFromText':
..\Controller.c:19:3: warning: 'file' may be used uninitialized in this function [-Wmaybe-uninitialized]
   19 |   parser_openFileFromText(path,file);
      |   ^~~~~~~~~~~~~~~~~~~~~~~~~~~~~~~~~~
gcc "-LC:\\Users\\pocho\\Desktop\\TRABAJOS_UTN\\tp_laboratorio_1\\utn-tp3\\tp3_windows" -o pruebaTp3.exe Controller.o Employee.o main.o parser.o utn.o validation.o -lLinkedList 
19:02:21 **** Incremental Build of configuration Debug for project pruebaTp3 ****
Info: Internal Builder is used for build
gcc -O0 -g3 -Wall -c -fmessage-length=0 -o parser.o "..\\parser.c" 
gcc -O0 -g3 -Wall -c -fmessage-length=0 -o Controller.o "..\\Controller.c" 
..\Controller.c: In function 'controller_loadFromText':
..\Controller.c:19:10: error: too few arguments to function 'parser_openFileFromText'
   19 |   file = parser_openFileFromText(path);
      |          ^~~~~~~~~~~~~~~~~~~~~~~
In file included from ..\Controller.c:5:
..\parser.h:16:5: note: declared here
   16 | int parser_openFileFromText(char* path,FILE* pFile);
      |     ^~~~~~~~~~~~~~~~~~~~~~~
19:02:36 **** Incremental Build of configuration Debug for project pruebaTp3 ****
Info: Internal Builder is used for build
gcc -O0 -g3 -Wall -c -fmessage-length=0 -o Controller.o "..\\Controller.c" 
gcc "-LC:\\Users\\pocho\\Desktop\\TRABAJOS_UTN\\tp_laboratorio_1\\utn-tp3\\tp3_windows" -o pruebaTp3.exe Controller.o Employee.o main.o parser.o utn.o validation.o -lLinkedList 
Info: Nothing to build for pruebaTp3
19:03:33 **** Incremental Build of configuration Debug for project pruebaTp3 ****
Info: Internal Builder is used for build
gcc -O0 -g3 -Wall -c -fmessage-length=0 -o parser.o "..\\parser.c" 
gcc "-LC:\\Users\\pocho\\Desktop\\TRABAJOS_UTN\\tp_laboratorio_1\\utn-tp3\\tp3_windows" -o pruebaTp3.exe Controller.o Employee.o main.o parser.o utn.o validation.o -lLinkedList 
Info: Nothing to build for pruebaTp3
19:16:20 **** Incremental Build of configuration Debug for project pruebaTp3 ****
Info: Internal Builder is used for build
gcc -O0 -g3 -Wall -c -fmessage-length=0 -o Controller.o "..\\Controller.c" 
gcc -O0 -g3 -Wall -c -fmessage-length=0 -o main.o "..\\main.c" 
gcc -O0 -g3 -Wall -c -fmessage-length=0 -o parser.o "..\\parser.c" 
gcc "-LC:\\Users\\pocho\\Desktop\\TRABAJOS_UTN\\tp_laboratorio_1\\utn-tp3\\tp3_windows" -o pruebaTp3.exe Controller.o Employee.o main.o parser.o utn.o validation.o -lLinkedList 
Info: Nothing to build for pruebaTp3
19:18:19 **** Incremental Build of configuration Debug for project pruebaTp3 ****
Info: Internal Builder is used for build
gcc -O0 -g3 -Wall -c -fmessage-length=0 -o parser.o "..\\parser.c" 
gcc -O0 -g3 -Wall -c -fmessage-length=0 -o main.o "..\\main.c" 
gcc "-LC:\\Users\\pocho\\Desktop\\TRABAJOS_UTN\\tp_laboratorio_1\\utn-tp3\\tp3_windows" -o pruebaTp3.exe Controller.o Employee.o main.o parser.o utn.o validation.o -lLinkedList 
Info: Nothing to build for pruebaTp3
17:23:15 **** Incremental Build of configuration Debug for project pruebaTp3 ****
Info: Internal Builder is used for build
gcc -O0 -g3 -Wall -c -fmessage-length=0 -o Controller.o "..\\Controller.c" 
gcc -O0 -g3 -Wall -c -fmessage-length=0 -o parser.o "..\\parser.c" 
gcc -O0 -g3 -Wall -c -fmessage-length=0 -o Employee.o "..\\Employee.c" 
..\Employee.c: In function 'getNameEmployee':
..\Employee.c:52:5: warning: implicit declaration of function 'getString' [-Wimplicit-function-declaration]
   52 |  if(getString(bufferName,"Ingrese el nombre","Error, nombre invalido",20,2)){
      |     ^~~~~~~~~
..\Employee.c: In function 'getHorasTrabajadasEmployee':
..\Employee.c:64:5: warning: implicit declaration of function 'getNumber' [-Wimplicit-function-declaration]
   64 |  if(getNumber(&bufferHoras,"Ingrese la horas trabajadas","Error, horas invalidas",1,325,2)){
      |     ^~~~~~~~~
..\Employee.c: At top level:
..\Employee.c:83:5: error: conflicting types for 'employee_registration'
   83 | int employee_registration(Employee* this){
      |     ^~~~~~~~~~~~~~~~~~~~~
In file included from ..\Employee.c:4:
..\Employee.h:28:5: note: previous declaration of 'employee_registration' was here
   28 | int employee_registration(void);
      |     ^~~~~~~~~~~~~~~~~~~~~
..\Employee.c:72:12: warning: 'getSueldoEmployee' defined but not used [-Wunused-function]
   72 | static int getSueldoEmployee(int* pSueldo){
      |            ^~~~~~~~~~~~~~~~~
17:23:48 **** Incremental Build of configuration Debug for project pruebaTp3 ****
Info: Internal Builder is used for build
gcc -O0 -g3 -Wall -c -fmessage-length=0 -o Employee.o "..\\Employee.c" 
..\Employee.c:84:5: error: conflicting types for 'employee_registration'
   84 | int employee_registration(Employee* this){
      |     ^~~~~~~~~~~~~~~~~~~~~
In file included from ..\Employee.c:4:
..\Employee.h:28:5: note: previous declaration of 'employee_registration' was here
   28 | int employee_registration(void);
      |     ^~~~~~~~~~~~~~~~~~~~~
..\Employee.c:73:12: warning: 'getSueldoEmployee' defined but not used [-Wunused-function]
   73 | static int getSueldoEmployee(int* pSueldo){
      |            ^~~~~~~~~~~~~~~~~
17:24:08 **** Incremental Build of configuration Debug for project pruebaTp3 ****
Info: Internal Builder is used for build
gcc -O0 -g3 -Wall -c -fmessage-length=0 -o Employee.o "..\\Employee.c" 
..\Employee.c:84:5: error: conflicting types for 'employee_registration'
   84 | int employee_registration(Employee* this){
      |     ^~~~~~~~~~~~~~~~~~~~~
In file included from ..\Employee.c:4:
..\Employee.h:28:5: note: previous declaration of 'employee_registration' was here
   28 | int employee_registration(void);
      |     ^~~~~~~~~~~~~~~~~~~~~
..\Employee.c:73:12: warning: 'getSueldoEmployee' defined but not used [-Wunused-function]
   73 | static int getSueldoEmployee(int* pSueldo){
      |            ^~~~~~~~~~~~~~~~~
17:24:38 **** Incremental Build of configuration Debug for project pruebaTp3 ****
Info: Internal Builder is used for build
gcc -O0 -g3 -Wall -c -fmessage-length=0 -o Employee.o "..\\Employee.c" 
..\Employee.c:84:5: error: conflicting types for 'employee_registration'
   84 | int employee_registration(Employee* this){
      |     ^~~~~~~~~~~~~~~~~~~~~
In file included from ..\Employee.c:4:
..\Employee.h:28:5: note: previous declaration of 'employee_registration' was here
   28 | int employee_registration(void);
      |     ^~~~~~~~~~~~~~~~~~~~~
..\Employee.c: In function 'employee_registration':
..\Employee.c:92:22: warning: passing argument 1 of 'getSueldoEmployee' makes pointer from integer without a cast [-Wint-conversion]
   92 |    getSueldoEmployee(sueldo);
      |                      ^~~~~~
      |                      |
      |                      int
..\Employee.c:73:35: note: expected 'int *' but argument is of type 'int'
   73 | static int getSueldoEmployee(int* pSueldo){
      |                              ~~~~~^~~~~~~
17:24:52 **** Incremental Build of configuration Debug for project pruebaTp3 ****
Info: Internal Builder is used for build
gcc -O0 -g3 -Wall -c -fmessage-length=0 -o main.o "..\\main.c" 
gcc -O0 -g3 -Wall -c -fmessage-length=0 -o Employee.o "..\\Employee.c" 
..\Employee.c:84:5: error: conflicting types for 'employee_registration'
   84 | int employee_registration(Employee* this){
      |     ^~~~~~~~~~~~~~~~~~~~~
In file included from ..\Employee.c:4:
..\Employee.h:28:5: note: previous declaration of 'employee_registration' was here
   28 | int employee_registration(void);
      |     ^~~~~~~~~~~~~~~~~~~~~
17:26:07 **** Incremental Build of configuration Debug for project pruebaTp3 ****
Info: Internal Builder is used for build
gcc -O0 -g3 -Wall -c -fmessage-length=0 -o Employee.o "..\\Employee.c" 
..\Employee.c: In function 'employee_registration':
..\Employee.c:89:6: error: 'this' undeclared (first use in this function)
   89 |   if(this != NULL){
      |      ^~~~
..\Employee.c:89:6: note: each undeclared identifier is reported only once for each function it appears in
17:26:49 **** Incremental Build of configuration Debug for project pruebaTp3 ****
Info: Internal Builder is used for build
gcc -O0 -g3 -Wall -c -fmessage-length=0 -o main.o "..\\main.c" 
gcc -O0 -g3 -Wall -c -fmessage-length=0 -o Controller.o "..\\Controller.c" 
gcc -O0 -g3 -Wall -c -fmessage-length=0 -o Employee.o "..\\Employee.c" 
gcc -O0 -g3 -Wall -c -fmessage-length=0 -o parser.o "..\\parser.c" 
gcc "-LC:\\Users\\pocho\\Desktop\\TRABAJOS_UTN\\tp_laboratorio_1\\utn-tp3\\tp3_windows" -o pruebaTp3.exe Controller.o Employee.o main.o parser.o utn.o validation.o -lLinkedList 
01:57:56 **** Incremental Build of configuration Debug for project pruebaTp3 ****
Info: Internal Builder is used for build
gcc -O0 -g3 -Wall -c -fmessage-length=0 -o Employee.o "..\\Employee.c" 
gcc -O0 -g3 -Wall -c -fmessage-length=0 -o main.o "..\\main.c" 
gcc -O0 -g3 -Wall -c -fmessage-length=0 -o parser.o "..\\parser.c" 
gcc -O0 -g3 -Wall -c -fmessage-length=0 -o Controller.o "..\\Controller.c" 
gcc "-LC:\\Users\\pocho\\Desktop\\TRABAJOS_UTN\\tp_laboratorio_1\\utn-tp3\\tp3_windows" -o pruebaTp3.exe Controller.o Employee.o main.o parser.o utn.o validation.o -lLinkedList 
Info: Nothing to build for pruebaTp3
01:58:51 **** Incremental Build of configuration Debug for project pruebaTp3 ****
Info: Internal Builder is used for build
gcc -O0 -g3 -Wall -c -fmessage-length=0 -o Controller.o "..\\Controller.c" 
gcc "-LC:\\Users\\pocho\\Desktop\\TRABAJOS_UTN\\tp_laboratorio_1\\utn-tp3\\tp3_windows" -o pruebaTp3.exe Controller.o Employee.o main.o parser.o utn.o validation.o -lLinkedList 
Info: Nothing to build for pruebaTp3
02:02:44 **** Incremental Build of configuration Debug for project pruebaTp3 ****
Info: Internal Builder is used for build
gcc -O0 -g3 -Wall -c -fmessage-length=0 -o main.o "..\\main.c" 
gcc "-LC:\\Users\\pocho\\Desktop\\TRABAJOS_UTN\\tp_laboratorio_1\\utn-tp3\\tp3_windows" -o pruebaTp3.exe Controller.o Employee.o main.o parser.o utn.o validation.o -lLinkedList 
Info: Nothing to build for pruebaTp3
02:02:59 **** Incremental Build of configuration Debug for project pruebaTp3 ****
Info: Internal Builder is used for build
gcc -O0 -g3 -Wall -c -fmessage-length=0 -o main.o "..\\main.c" 
gcc "-LC:\\Users\\pocho\\Desktop\\TRABAJOS_UTN\\tp_laboratorio_1\\utn-tp3\\tp3_windows" -o pruebaTp3.exe Controller.o Employee.o main.o parser.o utn.o validation.o -lLinkedList 
Info: Nothing to build for pruebaTp3
02:03:34 **** Incremental Build of configuration Debug for project pruebaTp3 ****
Info: Internal Builder is used for build
gcc -O0 -g3 -Wall -c -fmessage-length=0 -o main.o "..\\main.c" 
gcc "-LC:\\Users\\pocho\\Desktop\\TRABAJOS_UTN\\tp_laboratorio_1\\utn-tp3\\tp3_windows" -o pruebaTp3.exe Controller.o Employee.o main.o parser.o utn.o validation.o -lLinkedList 
Info: Nothing to build for pruebaTp3
02:04:20 **** Incremental Build of configuration Debug for project pruebaTp3 ****
Info: Internal Builder is used for build
gcc -O0 -g3 -Wall -c -fmessage-length=0 -o main.o "..\\main.c" 
gcc "-LC:\\Users\\pocho\\Desktop\\TRABAJOS_UTN\\tp_laboratorio_1\\utn-tp3\\tp3_windows" -o pruebaTp3.exe Controller.o Employee.o main.o parser.o utn.o validation.o -lLinkedList 
Info: Nothing to build for pruebaTp3
02:05:31 **** Incremental Build of configuration Debug for project pruebaTp3 ****
Info: Internal Builder is used for build
gcc -O0 -g3 -Wall -c -fmessage-length=0 -o Controller.o "..\\Controller.c" 
gcc "-LC:\\Users\\pocho\\Desktop\\TRABAJOS_UTN\\tp_laboratorio_1\\utn-tp3\\tp3_windows" -o pruebaTp3.exe Controller.o Employee.o main.o parser.o utn.o validation.o -lLinkedList 
Info: Nothing to build for pruebaTp3
02:06:31 **** Incremental Build of configuration Debug for project pruebaTp3 ****
Info: Internal Builder is used for build
gcc -O0 -g3 -Wall -c -fmessage-length=0 -o Employee.o "..\\Employee.c" 
..\Employee.c: In function 'employee_newAlta':
..\Employee.c:41:5: error: 'id' undeclared (first use in this function)
   41 |  if(id >=0 && nombre != NULL && horasTrabajadas > 0 && sueldo > 0){
      |     ^~
..\Employee.c:41:5: note: each undeclared identifier is reported only once for each function it appears in
02:06:38 **** Incremental Build of configuration Debug for project pruebaTp3 ****
Info: Internal Builder is used for build
gcc -O0 -g3 -Wall -c -fmessage-length=0 -o Controller.o "..\\Controller.c" 
..\Controller.c: In function 'controller_addEmployee':
..\Controller.c:67:6: warning: unused variable 'bufferId' [-Wunused-variable]
   67 |  int bufferId;
      |      ^~~~~~~~
gcc -O0 -g3 -Wall -c -fmessage-length=0 -o parser.o "..\\parser.c" 
gcc -O0 -g3 -Wall -c -fmessage-length=0 -o Employee.o "..\\Employee.c" 
gcc -O0 -g3 -Wall -c -fmessage-length=0 -o main.o "..\\main.c" 
gcc "-LC:\\Users\\pocho\\Desktop\\TRABAJOS_UTN\\tp_laboratorio_1\\utn-tp3\\tp3_windows" -o pruebaTp3.exe Controller.o Employee.o main.o parser.o utn.o validation.o -lLinkedList 
02:06:43 **** Incremental Build of configuration Debug for project pruebaTp3 ****
Info: Internal Builder is used for build
gcc -O0 -g3 -Wall -c -fmessage-length=0 -o Controller.o "..\\Controller.c" 
gcc "-LC:\\Users\\pocho\\Desktop\\TRABAJOS_UTN\\tp_laboratorio_1\\utn-tp3\\tp3_windows" -o pruebaTp3.exe Controller.o Employee.o main.o parser.o utn.o validation.o -lLinkedList 
Info: Nothing to build for pruebaTp3
02:07:24 **** Incremental Build of configuration Debug for project pruebaTp3 ****
Info: Internal Builder is used for build
gcc -O0 -g3 -Wall -c -fmessage-length=0 -o parser.o "..\\parser.c" 
gcc -O0 -g3 -Wall -c -fmessage-length=0 -o Controller.o "..\\Controller.c" 
gcc -O0 -g3 -Wall -c -fmessage-length=0 -o Employee.o "..\\Employee.c" 
gcc -O0 -g3 -Wall -c -fmessage-length=0 -o main.o "..\\main.c" 
gcc "-LC:\\Users\\pocho\\Desktop\\TRABAJOS_UTN\\tp_laboratorio_1\\utn-tp3\\tp3_windows" -o pruebaTp3.exe Controller.o Employee.o main.o parser.o utn.o validation.o -lLinkedList 
c:/mingw/bin/../lib/gcc/mingw32/9.2.0/../../../../mingw32/bin/ld.exe: cannot open output file pruebaTp3.exe: Permission denied
collect2.exe: error: ld returned 1 exit status
02:07:27 **** Incremental Build of configuration Debug for project pruebaTp3 ****
Info: Internal Builder is used for build
gcc "-LC:\\Users\\pocho\\Desktop\\TRABAJOS_UTN\\tp_laboratorio_1\\utn-tp3\\tp3_windows" -o pruebaTp3.exe Controller.o Employee.o main.o parser.o utn.o validation.o -lLinkedList 
Info: Nothing to build for pruebaTp3
02:08:07 **** Incremental Build of configuration Debug for project pruebaTp3 ****
Info: Internal Builder is used for build
gcc -O0 -g3 -Wall -c -fmessage-length=0 -o Controller.o "..\\Controller.c" 
..\Controller.c: In function 'controller_addEmployee':
..\Controller.c:79:4: error: conversion to non-scalar type requested
   79 |    ll_add(pArrayListEmployee,(Employee)newEmployee);
      |    ^~~~~~
02:08:17 **** Incremental Build of configuration Debug for project pruebaTp3 ****
Info: Internal Builder is used for build
gcc -O0 -g3 -Wall -c -fmessage-length=0 -o Controller.o "..\\Controller.c" 
gcc "-LC:\\Users\\pocho\\Desktop\\TRABAJOS_UTN\\tp_laboratorio_1\\utn-tp3\\tp3_windows" -o pruebaTp3.exe Controller.o Employee.o main.o parser.o utn.o validation.o -lLinkedList 
c:/mingw/bin/../lib/gcc/mingw32/9.2.0/../../../../mingw32/bin/ld.exe: cannot open output file pruebaTp3.exe: Permission denied
collect2.exe: error: ld returned 1 exit status
02:09:31 **** Incremental Build of configuration Debug for project pruebaTp3 ****
Info: Internal Builder is used for build
gcc -O0 -g3 -Wall -c -fmessage-length=0 -o Employee.o "..\\Employee.c" 
gcc "-LC:\\Users\\pocho\\Desktop\\TRABAJOS_UTN\\tp_laboratorio_1\\utn-tp3\\tp3_windows" -o pruebaTp3.exe Controller.o Employee.o main.o parser.o utn.o validation.o -lLinkedList 
Info: Nothing to build for pruebaTp3
02:11:58 **** Incremental Build of configuration Debug for project pruebaTp3 ****
Info: Internal Builder is used for build
gcc -O0 -g3 -Wall -c -fmessage-length=0 -o Employee.o "..\\Employee.c" 
..\Employee.c: In function 'employee_dataRegistration':
..\Employee.c:52:6: warning: variable 'ret' set but not used [-Wunused-but-set-variable]
   52 |  int ret = -1;
      |      ^~~
..\Employee.c: At top level:
..\Employee.c:65:2: error: expected identifier or '(' before 'return'
   65 |  return ret ;
      |  ^~~~~~
..\Employee.c:66:1: error: expected identifier or '(' before '}' token
   66 | }
      | ^
..\Employee.c: In function 'employee_dataRegistration':
..\Employee.c:63:3: warning: control reaches end of non-void function [-Wreturn-type]
   63 |   }
      |   ^
02:12:09 **** Incremental Build of configuration Debug for project pruebaTp3 ****
Info: Internal Builder is used for build
gcc -O0 -g3 -Wall -c -fmessage-length=0 -o Employee.o "..\\Employee.c" 
gcc "-LC:\\Users\\pocho\\Desktop\\TRABAJOS_UTN\\tp_laboratorio_1\\utn-tp3\\tp3_windows" -o pruebaTp3.exe Controller.o Employee.o main.o parser.o utn.o validation.o -lLinkedList 
c:/mingw/bin/../lib/gcc/mingw32/9.2.0/../../../../mingw32/bin/ld.exe: cannot open output file pruebaTp3.exe: Permission denied
collect2.exe: error: ld returned 1 exit status
02:12:24 **** Incremental Build of configuration Debug for project pruebaTp3 ****
Info: Internal Builder is used for build
gcc "-LC:\\Users\\pocho\\Desktop\\TRABAJOS_UTN\\tp_laboratorio_1\\utn-tp3\\tp3_windows" -o pruebaTp3.exe Controller.o Employee.o main.o parser.o utn.o validation.o -lLinkedList 
Info: Nothing to build for pruebaTp3
Info: Nothing to build for pruebaTp3
02:13:56 **** Incremental Build of configuration Debug for project pruebaTp3 ****
Info: Internal Builder is used for build
gcc -O0 -g3 -Wall -c -fmessage-length=0 -o Controller.o "..\\Controller.c" 
gcc "-LC:\\Users\\pocho\\Desktop\\TRABAJOS_UTN\\tp_laboratorio_1\\utn-tp3\\tp3_windows" -o pruebaTp3.exe Controller.o Employee.o main.o parser.o utn.o validation.o -lLinkedList 
c:/mingw/bin/../lib/gcc/mingw32/9.2.0/../../../../mingw32/bin/ld.exe: cannot open output file pruebaTp3.exe: Permission denied
collect2.exe: error: ld returned 1 exit status
02:13:57 **** Incremental Build of configuration Debug for project pruebaTp3 ****
Info: Internal Builder is used for build
gcc "-LC:\\Users\\pocho\\Desktop\\TRABAJOS_UTN\\tp_laboratorio_1\\utn-tp3\\tp3_windows" -o pruebaTp3.exe Controller.o Employee.o main.o parser.o utn.o validation.o -lLinkedList 
Info: Nothing to build for pruebaTp3
02:15:24 **** Incremental Build of configuration Debug for project pruebaTp3 ****
Info: Internal Builder is used for build
gcc -O0 -g3 -Wall -c -fmessage-length=0 -o Employee.o "..\\Employee.c" 
gcc -O0 -g3 -Wall -c -fmessage-length=0 -o Controller.o "..\\Controller.c" 
gcc "-LC:\\Users\\pocho\\Desktop\\TRABAJOS_UTN\\tp_laboratorio_1\\utn-tp3\\tp3_windows" -o pruebaTp3.exe Controller.o Employee.o main.o parser.o utn.o validation.o -lLinkedList 
c:/mingw/bin/../lib/gcc/mingw32/9.2.0/../../../../mingw32/bin/ld.exe: cannot open output file pruebaTp3.exe: Permission denied
collect2.exe: error: ld returned 1 exit status
02:15:26 **** Incremental Build of configuration Debug for project pruebaTp3 ****
Info: Internal Builder is used for build
gcc "-LC:\\Users\\pocho\\Desktop\\TRABAJOS_UTN\\tp_laboratorio_1\\utn-tp3\\tp3_windows" -o pruebaTp3.exe Controller.o Employee.o main.o parser.o utn.o validation.o -lLinkedList 
Info: Nothing to build for pruebaTp3
02:17:17 **** Incremental Build of configuration Debug for project pruebaTp3 ****
Info: Internal Builder is used for build
gcc -O0 -g3 -Wall -c -fmessage-length=0 -o Employee.o "..\\Employee.c" 
gcc -O0 -g3 -Wall -c -fmessage-length=0 -o Controller.o "..\\Controller.c" 
gcc "-LC:\\Users\\pocho\\Desktop\\TRABAJOS_UTN\\tp_laboratorio_1\\utn-tp3\\tp3_windows" -o pruebaTp3.exe Controller.o Employee.o main.o parser.o utn.o validation.o -lLinkedList 
Info: Nothing to build for pruebaTp3
02:18:34 **** Incremental Build of configuration Debug for project pruebaTp3 ****
Info: Internal Builder is used for build
gcc -O0 -g3 -Wall -c -fmessage-length=0 -o Controller.o "..\\Controller.c" 
gcc "-LC:\\Users\\pocho\\Desktop\\TRABAJOS_UTN\\tp_laboratorio_1\\utn-tp3\\tp3_windows" -o pruebaTp3.exe Controller.o Employee.o main.o parser.o utn.o validation.o -lLinkedList 
Info: Nothing to build for pruebaTp3
02:19:37 **** Incremental Build of configuration Debug for project pruebaTp3 ****
Info: Internal Builder is used for build
gcc -O0 -g3 -Wall -c -fmessage-length=0 -o main.o "..\\main.c" 
gcc -O0 -g3 -Wall -c -fmessage-length=0 -o Employee.o "..\\Employee.c" 
gcc -O0 -g3 -Wall -c -fmessage-length=0 -o parser.o "..\\parser.c" 
gcc -O0 -g3 -Wall -c -fmessage-length=0 -o Controller.o "..\\Controller.c" 
gcc "-LC:\\Users\\pocho\\Desktop\\TRABAJOS_UTN\\tp_laboratorio_1\\utn-tp3\\tp3_windows" -o pruebaTp3.exe Controller.o Employee.o main.o parser.o utn.o validation.o -lLinkedList 
Info: Nothing to build for pruebaTp3
02:22:00 **** Incremental Build of configuration Debug for project pruebaTp3 ****
Info: Internal Builder is used for build
gcc -O0 -g3 -Wall -c -fmessage-length=0 -o Employee.o "..\\Employee.c" 
gcc "-LC:\\Users\\pocho\\Desktop\\TRABAJOS_UTN\\tp_laboratorio_1\\utn-tp3\\tp3_windows" -o pruebaTp3.exe Controller.o Employee.o main.o parser.o utn.o validation.o -lLinkedList 
c:/mingw/bin/../lib/gcc/mingw32/9.2.0/../../../../mingw32/bin/ld.exe: cannot open output file pruebaTp3.exe: Permission denied
collect2.exe: error: ld returned 1 exit status
02:22:02 **** Incremental Build of configuration Debug for project pruebaTp3 ****
Info: Internal Builder is used for build
gcc "-LC:\\Users\\pocho\\Desktop\\TRABAJOS_UTN\\tp_laboratorio_1\\utn-tp3\\tp3_windows" -o pruebaTp3.exe Controller.o Employee.o main.o parser.o utn.o validation.o -lLinkedList 
02:22:14 **** Incremental Build of configuration Debug for project pruebaTp3 ****
Info: Internal Builder is used for build
gcc -O0 -g3 -Wall -c -fmessage-length=0 -o Controller.o "..\\Controller.c" 
gcc "-LC:\\Users\\pocho\\Desktop\\TRABAJOS_UTN\\tp_laboratorio_1\\utn-tp3\\tp3_windows" -o pruebaTp3.exe Controller.o Employee.o main.o parser.o utn.o validation.o -lLinkedList 
Info: Nothing to build for pruebaTp3
02:23:00 **** Incremental Build of configuration Debug for project pruebaTp3 ****
Info: Internal Builder is used for build
gcc -O0 -g3 -Wall -c -fmessage-length=0 -o Employee.o "..\\Employee.c" 
..\Employee.c: In function 'employee_dataRegistration':
..\Employee.c:58:14: warning: assignment to 'char' from 'char *' makes integer from pointer without a cast [-Wint-conversion]
   58 |     *pNombre = bufferNombre;
      |              ^
gcc "-LC:\\Users\\pocho\\Desktop\\TRABAJOS_UTN\\tp_laboratorio_1\\utn-tp3\\tp3_windows" -o pruebaTp3.exe Controller.o Employee.o main.o parser.o utn.o validation.o -lLinkedList 
02:23:04 **** Incremental Build of configuration Debug for project pruebaTp3 ****
Info: Internal Builder is used for build
gcc -O0 -g3 -Wall -c -fmessage-length=0 -o Employee.o "..\\Employee.c" 
gcc "-LC:\\Users\\pocho\\Desktop\\TRABAJOS_UTN\\tp_laboratorio_1\\utn-tp3\\tp3_windows" -o pruebaTp3.exe Controller.o Employee.o main.o parser.o utn.o validation.o -lLinkedList 
02:24:20 **** Incremental Build of configuration Debug for project pruebaTp3 ****
Info: Internal Builder is used for build
gcc -O0 -g3 -Wall -c -fmessage-length=0 -o Employee.o "..\\Employee.c" 
gcc "-LC:\\Users\\pocho\\Desktop\\TRABAJOS_UTN\\tp_laboratorio_1\\utn-tp3\\tp3_windows" -o pruebaTp3.exe Controller.o Employee.o main.o parser.o utn.o validation.o -lLinkedList 
02:25:43 **** Incremental Build of configuration Debug for project pruebaTp3 ****
Info: Internal Builder is used for build
gcc -O0 -g3 -Wall -c -fmessage-length=0 -o Employee.o "..\\Employee.c" 
gcc -O0 -g3 -Wall -c -fmessage-length=0 -o Controller.o "..\\Controller.c" 
gcc "-LC:\\Users\\pocho\\Desktop\\TRABAJOS_UTN\\tp_laboratorio_1\\utn-tp3\\tp3_windows" -o pruebaTp3.exe Controller.o Employee.o main.o parser.o utn.o validation.o -lLinkedList 
Info: Nothing to build for pruebaTp3
02:28:34 **** Incremental Build of configuration Debug for project pruebaTp3 ****
Info: Internal Builder is used for build
gcc -O0 -g3 -Wall -c -fmessage-length=0 -o main.o "..\\main.c" 
gcc "-LC:\\Users\\pocho\\Desktop\\TRABAJOS_UTN\\tp_laboratorio_1\\utn-tp3\\tp3_windows" -o pruebaTp3.exe Controller.o Employee.o main.o parser.o utn.o validation.o -lLinkedList 
Info: Nothing to build for pruebaTp3
02:30:06 **** Incremental Build of configuration Debug for project pruebaTp3 ****
Info: Internal Builder is used for build
gcc -O0 -g3 -Wall -c -fmessage-length=0 -o Controller.o "..\\Controller.c" 
gcc "-LC:\\Users\\pocho\\Desktop\\TRABAJOS_UTN\\tp_laboratorio_1\\utn-tp3\\tp3_windows" -o pruebaTp3.exe Controller.o Employee.o main.o parser.o utn.o validation.o -lLinkedList 
Info: Nothing to build for pruebaTp3
02:31:10 **** Incremental Build of configuration Debug for project pruebaTp3 ****
Info: Internal Builder is used for build
gcc -O0 -g3 -Wall -c -fmessage-length=0 -o Employee.o "..\\Employee.c" 
gcc "-LC:\\Users\\pocho\\Desktop\\TRABAJOS_UTN\\tp_laboratorio_1\\utn-tp3\\tp3_windows" -o pruebaTp3.exe Controller.o Employee.o main.o parser.o utn.o validation.o -lLinkedList 
Info: Nothing to build for pruebaTp3
02:34:54 **** Incremental Build of configuration Debug for project pruebaTp3 ****
Info: Internal Builder is used for build
gcc -O0 -g3 -Wall -c -fmessage-length=0 -o Employee.o "..\\Employee.c" 
..\Employee.c: In function 'employee_dataRegistration':
..\Employee.c:181:1: error: expected declaration or statement at end of input
  181 | }
      | ^
..\Employee.c:181:1: warning: control reaches end of non-void function [-Wreturn-type]
  181 | }
      | ^
At top level:
..\Employee.c:174:5: warning: 'employee_delete' defined but not used [-Wunused-function]
  174 | int employee_delete(Employee* this){
      |     ^~~~~~~~~~~~~~~
..\Employee.c:165:5: warning: 'employee_getSueldo' defined but not used [-Wunused-function]
  165 | int employee_getSueldo(Employee* this,int* sueldo){
      |     ^~~~~~~~~~~~~~~~~~
..\Employee.c:156:5: warning: 'employee_setSueldo' defined but not used [-Wunused-function]
  156 | int employee_setSueldo(Employee* this,int sueldo){
      |     ^~~~~~~~~~~~~~~~~~
..\Employee.c:147:5: warning: 'employee_getHorasTrabajadas' defined but not used [-Wunused-function]
  147 | int employee_getHorasTrabajadas(Employee* this,int* horasTrabajadas){
      |     ^~~~~~~~~~~~~~~~~~~~~~~~~~~
..\Employee.c:139:5: warning: 'employee_setHorasTrabajadas' defined but not used [-Wunused-function]
  139 | int employee_setHorasTrabajadas(Employee* this,int horasTrabajadas){
      |     ^~~~~~~~~~~~~~~~~~~~~~~~~~~
..\Employee.c:130:5: warning: 'employee_getNombre' defined but not used [-Wunused-function]
  130 | int employee_getNombre(Employee* this,char* nombre){
      |     ^~~~~~~~~~~~~~~~~~
..\Employee.c:121:5: warning: 'employee_setNombre' defined but not used [-Wunused-function]
  121 | int employee_setNombre(Employee* this,char* nombre){
      |     ^~~~~~~~~~~~~~~~~~
..\Employee.c:113:5: warning: 'employee_getId' defined but not used [-Wunused-function]
  113 | int employee_getId(Employee* this,int* id){
      |     ^~~~~~~~~~~~~~
..\Employee.c:103:5: warning: 'employee_setId' defined but not used [-Wunused-function]
  103 | int employee_setId(Employee* this,int id){
      |     ^~~~~~~~~~~~~~
..\Employee.c:91:5: warning: 'getSueldoEmployee' defined but not used [-Wunused-function]
   91 | int getSueldoEmployee(int* pSueldo){
      |     ^~~~~~~~~~~~~~~~~
..\Employee.c:79:5: warning: 'getHorasTrabajadasEmployee' defined but not used [-Wunused-function]
   79 | int getHorasTrabajadasEmployee(int* pHorasTrabajadas){
      |     ^~~~~~~~~~~~~~~~~~~~~~~~~~
..\Employee.c:67:5: warning: 'getNameEmployee' defined but not used [-Wunused-function]
   67 | int getNameEmployee (char* name){
      |     ^~~~~~~~~~~~~~~
02:35:55 **** Incremental Build of configuration Debug for project pruebaTp3 ****
Info: Internal Builder is used for build
gcc -O0 -g3 -Wall -c -fmessage-length=0 -o Employee.o "..\\Employee.c" 
..\Employee.c: In function 'employee_dataRegistration':
..\Employee.c:181:1: error: expected declaration or statement at end of input
  181 | }
      | ^
..\Employee.c:181:1: warning: control reaches end of non-void function [-Wreturn-type]
  181 | }
      | ^
At top level:
..\Employee.c:174:5: warning: 'employee_delete' defined but not used [-Wunused-function]
  174 | int employee_delete(Employee* this){
      |     ^~~~~~~~~~~~~~~
..\Employee.c:165:5: warning: 'employee_getSueldo' defined but not used [-Wunused-function]
  165 | int employee_getSueldo(Employee* this,int* sueldo){
      |     ^~~~~~~~~~~~~~~~~~
..\Employee.c:156:5: warning: 'employee_setSueldo' defined but not used [-Wunused-function]
  156 | int employee_setSueldo(Employee* this,int sueldo){
      |     ^~~~~~~~~~~~~~~~~~
..\Employee.c:147:5: warning: 'employee_getHorasTrabajadas' defined but not used [-Wunused-function]
  147 | int employee_getHorasTrabajadas(Employee* this,int* horasTrabajadas){
      |     ^~~~~~~~~~~~~~~~~~~~~~~~~~~
..\Employee.c:139:5: warning: 'employee_setHorasTrabajadas' defined but not used [-Wunused-function]
  139 | int employee_setHorasTrabajadas(Employee* this,int horasTrabajadas){
      |     ^~~~~~~~~~~~~~~~~~~~~~~~~~~
..\Employee.c:130:5: warning: 'employee_getNombre' defined but not used [-Wunused-function]
  130 | int employee_getNombre(Employee* this,char* nombre){
      |     ^~~~~~~~~~~~~~~~~~
..\Employee.c:121:5: warning: 'employee_setNombre' defined but not used [-Wunused-function]
  121 | int employee_setNombre(Employee* this,char* nombre){
      |     ^~~~~~~~~~~~~~~~~~
..\Employee.c:113:5: warning: 'employee_getId' defined but not used [-Wunused-function]
  113 | int employee_getId(Employee* this,int* id){
      |     ^~~~~~~~~~~~~~
..\Employee.c:103:5: warning: 'employee_setId' defined but not used [-Wunused-function]
  103 | int employee_setId(Employee* this,int id){
      |     ^~~~~~~~~~~~~~
..\Employee.c:91:5: warning: 'getSueldoEmployee' defined but not used [-Wunused-function]
   91 | int getSueldoEmployee(int* pSueldo){
      |     ^~~~~~~~~~~~~~~~~
..\Employee.c:79:5: warning: 'getHorasTrabajadasEmployee' defined but not used [-Wunused-function]
   79 | int getHorasTrabajadasEmployee(int* pHorasTrabajadas){
      |     ^~~~~~~~~~~~~~~~~~~~~~~~~~
..\Employee.c:67:5: warning: 'getNameEmployee' defined but not used [-Wunused-function]
   67 | int getNameEmployee (char* name){
      |     ^~~~~~~~~~~~~~~
02:36:16 **** Incremental Build of configuration Debug for project pruebaTp3 ****
Info: Internal Builder is used for build
gcc -O0 -g3 -Wall -c -fmessage-length=0 -o main.o "..\\main.c" 
..\main.c: In function 'main':
..\main.c:30:15: warning: unused variable 'pruebaEmp' [-Wunused-variable]
   30 |     Employee* pruebaEmp;
      |               ^~~~~~~~~
gcc -O0 -g3 -Wall -c -fmessage-length=0 -o Employee.o "..\\Employee.c" 
gcc -O0 -g3 -Wall -c -fmessage-length=0 -o Controller.o "..\\Controller.c" 
gcc "-LC:\\Users\\pocho\\Desktop\\TRABAJOS_UTN\\tp_laboratorio_1\\utn-tp3\\tp3_windows" -o pruebaTp3.exe Controller.o Employee.o main.o parser.o utn.o validation.o -lLinkedList 
02:36:28 **** Incremental Build of configuration Debug for project pruebaTp3 ****
Info: Internal Builder is used for build
gcc -O0 -g3 -Wall -c -fmessage-length=0 -o main.o "..\\main.c" 
gcc "-LC:\\Users\\pocho\\Desktop\\TRABAJOS_UTN\\tp_laboratorio_1\\utn-tp3\\tp3_windows" -o pruebaTp3.exe Controller.o Employee.o main.o parser.o utn.o validation.o -lLinkedList 
Info: Nothing to build for pruebaTp3
02:43:47 **** Build of configuration Debug for project likedList ****
make all 
Cannot run program "make": Launching failed

Error: Program "make" not found in PATH
PATH=[C:/Program Files/Java/jdk-11.0.1/bin/server;C:/Program Files/Java/jdk-11.0.1/bin;C:\Program Files (x86)\Common Files\Oracle\Java\javapath;C:\Program Files\Common Files\Microsoft Shared\Windows Live;C:\Program Files (x86)\Common Files\Microsoft Shared\Windows Live;C:\Program Files (x86)\AMD APP\bin\x86_64;C:\Program Files (x86)\AMD APP\bin\x86;C:\Windows\system32;C:\Windows;C:\Windows\System32\Wbem;C:\Windows\System32\WindowsPowerShell\v1.0\;C:\Program Files (x86)\Windows Live\Shared;C:\Program Files\Git\cmd;C:\MinGW;;C:\Users\pocho\AppData\Local\Programs\Microsoft VS Code\bin;C:\Users\pocho\eclipse\cpp-2020-03\eclipse;]
02:43:48 **** Incremental Build of configuration Debug for project pruebaTp3 ****
Info: Internal Builder is used for build
gcc -O0 -g3 -Wall -c -fmessage-length=0 -o Employee.o "..\\Employee.c" 
gcc -O0 -g3 -Wall -c -fmessage-length=0 -o admin.o "..\\admin.c" 
gcc "-LC:\\Users\\pocho\\Desktop\\TRABAJOS_UTN\\tp_laboratorio_1\\utn-tp3\\tp3_windows" -o pruebaTp3.exe Controller.o Employee.o admin.o main.o parser.o utn.o validation.o -lLinkedList 
02:43:48 **** Rebuild of configuration Debug for project utn-tp1 ****
Info: Internal Builder is used for build
gcc -O0 -g3 -Wall -c -fmessage-length=0 -o "src\\utn-tp1.o" "..\\src\\utn-tp1.c" 
gcc -O0 -g3 -Wall -c -fmessage-length=0 -o "src\\func.o" "..\\src\\func.c" 
gcc -o utn-tp1.exe "src\\func.o" "src\\utn-tp1.o" 
02:43:49 **** Rebuild of configuration Debug for project utn-tp2 ****
Info: Internal Builder is used for build
gcc -O0 -g3 -Wall -c -fmessage-length=0 -o "src\\tp_laboratorio_2.o" "..\\src\\tp_laboratorio_2.c" 
gcc -O0 -g3 -Wall -c -fmessage-length=0 -o "src\\utn.o" "..\\src\\utn.c" 
gcc -O0 -g3 -Wall -c -fmessage-length=0 -o "src\\validation.o" "..\\src\\validation.c" 
gcc -O0 -g3 -Wall -c -fmessage-length=0 -o "src\\ArrayEmployees.o" "..\\src\\ArrayEmployees.c" 
gcc -o utn-tp2.exe "src\\ArrayEmployees.o" "src\\tp_laboratorio_2.o" "src\\utn.o" "src\\validation.o" 
02:44:31 **** Incremental Build of configuration Debug for project pruebaTp3 ****
Info: Internal Builder is used for build
gcc -O0 -g3 -Wall -c -fmessage-length=0 -o Employee.o "..\\Employee.c" 
gcc -O0 -g3 -Wall -c -fmessage-length=0 -o admin.o "..\\admin.c" 
..\admin.c:14:19: error: unknown type name 'Employee'
   14 | int printEmployee(Employee*){
      |                   ^~~~~~~~
02:45:23 **** Incremental Build of configuration Debug for project pruebaTp3 ****
Info: Internal Builder is used for build
gcc -O0 -g3 -Wall -c -fmessage-length=0 -o Controller.o "..\\Controller.c" 
In file included from ..\Controller.c:4:
..\parser.h:14:43: error: unknown type name 'LinkedList'
   14 | int parser_EmployeeFromText(FILE* pFile , LinkedList* pArrayListEmployee);
      |                                           ^~~~~~~~~~
..\parser.h:15:45: error: unknown type name 'LinkedList'
   15 | int parser_EmployeeFromBinary(FILE* pFile , LinkedList* pArrayListEmployee);
      |                                             ^~~~~~~~~~
..\Controller.c:13:42: error: unknown type name 'LinkedList'
   13 | int controller_loadFromText(char* path , LinkedList* pArrayListEmployee)
      |                                          ^~~~~~~~~~
..\Controller.c:36:44: error: unknown type name 'LinkedList'
   36 | int controller_loadFromBinary(char* path , LinkedList* pArrayListEmployee)
      |                                            ^~~~~~~~~~
..\Controller.c:60:28: error: unknown type name 'LinkedList'
   60 | int controller_addEmployee(LinkedList* pArrayListEmployee)
      |                            ^~~~~~~~~~
..\Controller.c:105:29: error: unknown type name 'LinkedList'
  105 | int controller_editEmployee(LinkedList* pArrayListEmployee)
      |                             ^~~~~~~~~~
..\Controller.c:117:31: error: unknown type name 'LinkedList'
  117 | int controller_removeEmployee(LinkedList* pArrayListEmployee)
      |                               ^~~~~~~~~~
..\Controller.c:129:29: error: unknown type name 'LinkedList'
  129 | int controller_ListEmployee(LinkedList* pArrayListEmployee)
      |                             ^~~~~~~~~~
..\Controller.c:141:29: error: unknown type name 'LinkedList'
  141 | int controller_sortEmployee(LinkedList* pArrayListEmployee)
      |                             ^~~~~~~~~~
..\Controller.c:153:40: error: unknown type name 'LinkedList'
  153 | int controller_saveAsText(char* path , LinkedList* pArrayListEmployee)
      |                                        ^~~~~~~~~~
..\Controller.c:165:42: error: unknown type name 'LinkedList'
  165 | int controller_saveAsBinary(char* path , LinkedList* pArrayListEmployee)
      |                                          ^~~~~~~~~~
02:46:10 **** Incremental Build of configuration Debug for project pruebaTp3 ****
Info: Internal Builder is used for build
gcc -O0 -g3 -Wall -c -fmessage-length=0 -o Controller.o "..\\Controller.c" 
In file included from ..\Controller.c:4:
..\parser.h:14:43: error: unknown type name 'LinkedList'
   14 | int parser_EmployeeFromText(FILE* pFile , LinkedList* pArrayListEmployee);
      |                                           ^~~~~~~~~~
..\parser.h:15:45: error: unknown type name 'LinkedList'
   15 | int parser_EmployeeFromBinary(FILE* pFile , LinkedList* pArrayListEmployee);
      |                                             ^~~~~~~~~~
..\Controller.c:13:42: error: unknown type name 'LinkedList'
   13 | int controller_loadFromText(char* path , LinkedList* pArrayListEmployee)
      |                                          ^~~~~~~~~~
..\Controller.c:36:44: error: unknown type name 'LinkedList'
   36 | int controller_loadFromBinary(char* path , LinkedList* pArrayListEmployee)
      |                                            ^~~~~~~~~~
..\Controller.c:60:28: error: unknown type name 'LinkedList'
   60 | int controller_addEmployee(LinkedList* pArrayListEmployee)
      |                            ^~~~~~~~~~
..\Controller.c:105:29: error: unknown type name 'LinkedList'
  105 | int controller_editEmployee(LinkedList* pArrayListEmployee)
      |                             ^~~~~~~~~~
..\Controller.c:117:31: error: unknown type name 'LinkedList'
  117 | int controller_removeEmployee(LinkedList* pArrayListEmployee)
      |                               ^~~~~~~~~~
..\Controller.c:129:29: error: unknown type name 'LinkedList'
  129 | int controller_ListEmployee(LinkedList* pArrayListEmployee)
      |                             ^~~~~~~~~~
..\Controller.c:141:29: error: unknown type name 'LinkedList'
  141 | int controller_sortEmployee(LinkedList* pArrayListEmployee)
      |                             ^~~~~~~~~~
..\Controller.c:153:40: error: unknown type name 'LinkedList'
  153 | int controller_saveAsText(char* path , LinkedList* pArrayListEmployee)
      |                                        ^~~~~~~~~~
..\Controller.c:165:42: error: unknown type name 'LinkedList'
  165 | int controller_saveAsBinary(char* path , LinkedList* pArrayListEmployee)
      |                                          ^~~~~~~~~~
02:46:12 **** Incremental Build of configuration Debug for project pruebaTp3 ****
Info: Internal Builder is used for build
gcc -O0 -g3 -Wall -c -fmessage-length=0 -o admin.o "..\\admin.c" 
..\admin.c: In function 'printEmployee':
..\admin.c:19:19: error: parameter name omitted
   19 | int printEmployee(Employee*){
      |                   ^~~~~~~~~
02:46:15 **** Incremental Build of configuration Debug for project pruebaTp3 ****
Info: Internal Builder is used for build
gcc -O0 -g3 -Wall -c -fmessage-length=0 -o admin.o "..\\admin.c" 
..\admin.c: In function 'printEmployee':
..\admin.c:19:19: error: parameter name omitted
   19 | int printEmployee(Employee*){
      |                   ^~~~~~~~~
02:46:17 **** Incremental Build of configuration Debug for project pruebaTp3 ****
Info: Internal Builder is used for build
gcc -O0 -g3 -Wall -c -fmessage-length=0 -o admin.o "..\\admin.c" 
..\admin.c: In function 'printEmployee':
..\admin.c:19:19: error: parameter name omitted
   19 | int printEmployee(Employee*){
      |                   ^~~~~~~~~
02:47:16 **** Incremental Build of configuration Debug for project pruebaTp3 ****
Info: Internal Builder is used for build
gcc -O0 -g3 -Wall -c -fmessage-length=0 -o admin.o "..\\admin.c" 
gcc -O0 -g3 -Wall -c -fmessage-length=0 -o Controller.o "..\\Controller.c" 
In file included from ..\Controller.c:3:
..\admin.h:14:19: error: unknown type name 'LinkedList'
   14 | int printEmployee(LinkedList* pArrayListEmployee,int index);
      |                   ^~~~~~~~~~
In file included from ..\Controller.c:4:
..\parser.h:14:43: error: unknown type name 'LinkedList'
   14 | int parser_EmployeeFromText(FILE* pFile , LinkedList* pArrayListEmployee);
      |                                           ^~~~~~~~~~
..\parser.h:15:45: error: unknown type name 'LinkedList'
   15 | int parser_EmployeeFromBinary(FILE* pFile , LinkedList* pArrayListEmployee);
      |                                             ^~~~~~~~~~
..\Controller.c:13:42: error: unknown type name 'LinkedList'
   13 | int controller_loadFromText(char* path , LinkedList* pArrayListEmployee)
      |                                          ^~~~~~~~~~
..\Controller.c:36:44: error: unknown type name 'LinkedList'
   36 | int controller_loadFromBinary(char* path , LinkedList* pArrayListEmployee)
      |                                            ^~~~~~~~~~
..\Controller.c:60:28: error: unknown type name 'LinkedList'
   60 | int controller_addEmployee(LinkedList* pArrayListEmployee)
      |                            ^~~~~~~~~~
..\Controller.c:105:29: error: unknown type name 'LinkedList'
  105 | int controller_editEmployee(LinkedList* pArrayListEmployee)
      |                             ^~~~~~~~~~
..\Controller.c:117:31: error: unknown type name 'LinkedList'
  117 | int controller_removeEmployee(LinkedList* pArrayListEmployee)
      |                               ^~~~~~~~~~
..\Controller.c:129:29: error: unknown type name 'LinkedList'
  129 | int controller_ListEmployee(LinkedList* pArrayListEmployee)
      |                             ^~~~~~~~~~
..\Controller.c:141:29: error: unknown type name 'LinkedList'
  141 | int controller_sortEmployee(LinkedList* pArrayListEmployee)
      |                             ^~~~~~~~~~
..\Controller.c:153:40: error: unknown type name 'LinkedList'
  153 | int controller_saveAsText(char* path , LinkedList* pArrayListEmployee)
      |                                        ^~~~~~~~~~
..\Controller.c:165:42: error: unknown type name 'LinkedList'
  165 | int controller_saveAsBinary(char* path , LinkedList* pArrayListEmployee)
      |                                          ^~~~~~~~~~
02:47:52 **** Incremental Build of configuration Debug for project pruebaTp3 ****
Info: Internal Builder is used for build
gcc -O0 -g3 -Wall -c -fmessage-length=0 -o Controller.o "..\\Controller.c" 
gcc "-LC:\\Users\\pocho\\Desktop\\TRABAJOS_UTN\\tp_laboratorio_1\\utn-tp3\\tp3_windows" -o pruebaTp3.exe Controller.o Employee.o admin.o main.o parser.o utn.o validation.o -lLinkedList 
02:48:49 **** Incremental Build of configuration Debug for project pruebaTp3 ****
Info: Internal Builder is used for build
gcc "-LC:\\Users\\pocho\\Desktop\\TRABAJOS_UTN\\tp_laboratorio_1\\utn-tp3\\tp3_windows" -o pruebaTp3.exe Controller.o Employee.o main.o parser.o utn.o validation.o -lLinkedList 
02:50:55 **** Incremental Build of configuration Debug for project pruebaTp3 ****
Info: Internal Builder is used for build
gcc -O0 -g3 -Wall -c -fmessage-length=0 -o Controller.o "..\\Controller.c" 
gcc -O0 -g3 -Wall -c -fmessage-length=0 -o Employee.o "..\\Employee.c" 
gcc -O0 -g3 -Wall -c -fmessage-length=0 -o parser.o "..\\parser.c" 
gcc -O0 -g3 -Wall -c -fmessage-length=0 -o main.o "..\\main.c" 
gcc "-LC:\\Users\\pocho\\Desktop\\TRABAJOS_UTN\\tp_laboratorio_1\\utn-tp3\\tp3_windows" -o pruebaTp3.exe Controller.o Employee.o main.o parser.o utn.o validation.o -lLinkedList 
02:51:19 **** Incremental Build of configuration Debug for project pruebaTp3 ****
Info: Internal Builder is used for build
gcc -O0 -g3 -Wall -c -fmessage-length=0 -o Controller.o "..\\Controller.c" 
gcc "-LC:\\Users\\pocho\\Desktop\\TRABAJOS_UTN\\tp_laboratorio_1\\utn-tp3\\tp3_windows" -o pruebaTp3.exe Controller.o Employee.o main.o parser.o utn.o validation.o -lLinkedList 
02:55:14 **** Incremental Build of configuration Debug for project pruebaTp3 ****
Info: Internal Builder is used for build
gcc -O0 -g3 -Wall -c -fmessage-length=0 -o Controller.o "..\\Controller.c" 
gcc -O0 -g3 -Wall -c -fmessage-length=0 -o main.o "..\\main.c" 
gcc "-LC:\\Users\\pocho\\Desktop\\TRABAJOS_UTN\\tp_laboratorio_1\\utn-tp3\\tp3_windows" -o pruebaTp3.exe Controller.o Employee.o main.o parser.o utn.o validation.o -lLinkedList 
02:55:29 **** Incremental Build of configuration Debug for project pruebaTp3 ****
Info: Internal Builder is used for build
gcc -O0 -g3 -Wall -c -fmessage-length=0 -o main.o "..\\main.c" 
gcc "-LC:\\Users\\pocho\\Desktop\\TRABAJOS_UTN\\tp_laboratorio_1\\utn-tp3\\tp3_windows" -o pruebaTp3.exe Controller.o Employee.o main.o parser.o utn.o validation.o -lLinkedList 
Info: Nothing to build for pruebaTp3
03:06:22 **** Incremental Build of configuration Debug for project pruebaTp3 ****
Info: Internal Builder is used for build
gcc -O0 -g3 -Wall -c -fmessage-length=0 -o main.o "..\\main.c" 
gcc -O0 -g3 -Wall -c -fmessage-length=0 -o parser.o "..\\parser.c" 
gcc -O0 -g3 -Wall -c -fmessage-length=0 -o Controller.o "..\\Controller.c" 
gcc "-LC:\\Users\\pocho\\Desktop\\TRABAJOS_UTN\\tp_laboratorio_1\\utn-tp3\\tp3_windows" -o pruebaTp3.exe Controller.o Employee.o main.o parser.o utn.o validation.o -lLinkedList 
Info: Nothing to build for pruebaTp3
03:07:06 **** Incremental Build of configuration Debug for project pruebaTp3 ****
Info: Internal Builder is used for build
gcc -O0 -g3 -Wall -c -fmessage-length=0 -o Controller.o "..\\Controller.c" 
gcc "-LC:\\Users\\pocho\\Desktop\\TRABAJOS_UTN\\tp_laboratorio_1\\utn-tp3\\tp3_windows" -o pruebaTp3.exe Controller.o Employee.o main.o parser.o utn.o validation.o -lLinkedList 
c:/mingw/bin/../lib/gcc/mingw32/9.2.0/../../../../mingw32/bin/ld.exe: cannot open output file pruebaTp3.exe: Permission denied
collect2.exe: error: ld returned 1 exit status
03:07:08 **** Incremental Build of configuration Debug for project pruebaTp3 ****
Info: Internal Builder is used for build
gcc "-LC:\\Users\\pocho\\Desktop\\TRABAJOS_UTN\\tp_laboratorio_1\\utn-tp3\\tp3_windows" -o pruebaTp3.exe Controller.o Employee.o main.o parser.o utn.o validation.o -lLinkedList 
Info: Nothing to build for pruebaTp3
Info: Nothing to build for pruebaTp3
03:07:49 **** Incremental Build of configuration Debug for project pruebaTp3 ****
Info: Internal Builder is used for build
gcc -O0 -g3 -Wall -c -fmessage-length=0 -o Controller.o "..\\Controller.c" 
gcc "-LC:\\Users\\pocho\\Desktop\\TRABAJOS_UTN\\tp_laboratorio_1\\utn-tp3\\tp3_windows" -o pruebaTp3.exe Controller.o Employee.o main.o parser.o utn.o validation.o -lLinkedList 
c:/mingw/bin/../lib/gcc/mingw32/9.2.0/../../../../mingw32/bin/ld.exe: cannot open output file pruebaTp3.exe: Permission denied
collect2.exe: error: ld returned 1 exit status
03:07:51 **** Incremental Build of configuration Debug for project pruebaTp3 ****
Info: Internal Builder is used for build
gcc "-LC:\\Users\\pocho\\Desktop\\TRABAJOS_UTN\\tp_laboratorio_1\\utn-tp3\\tp3_windows" -o pruebaTp3.exe Controller.o Employee.o main.o parser.o utn.o validation.o -lLinkedList 
Info: Nothing to build for pruebaTp3
03:08:26 **** Incremental Build of configuration Debug for project pruebaTp3 ****
Info: Internal Builder is used for build
gcc -O0 -g3 -Wall -c -fmessage-length=0 -o Controller.o "..\\Controller.c" 
gcc "-LC:\\Users\\pocho\\Desktop\\TRABAJOS_UTN\\tp_laboratorio_1\\utn-tp3\\tp3_windows" -o pruebaTp3.exe Controller.o Employee.o main.o parser.o utn.o validation.o -lLinkedList 
c:/mingw/bin/../lib/gcc/mingw32/9.2.0/../../../../mingw32/bin/ld.exe: cannot open output file pruebaTp3.exe: Permission denied
collect2.exe: error: ld returned 1 exit status
03:08:33 **** Incremental Build of configuration Debug for project pruebaTp3 ****
Info: Internal Builder is used for build
gcc "-LC:\\Users\\pocho\\Desktop\\TRABAJOS_UTN\\tp_laboratorio_1\\utn-tp3\\tp3_windows" -o pruebaTp3.exe Controller.o Employee.o main.o parser.o utn.o validation.o -lLinkedList 
03:17:09 **** Incremental Build of configuration Debug for project pruebaTp3 ****
Info: Internal Builder is used for build
gcc -O0 -g3 -Wall -c -fmessage-length=0 -o Controller.o "..\\Controller.c" 
..\Controller.c: In function 'controller_removeEmployee':
..\Controller.c:121:5: warning: implicit declaration of function 'getNumber' [-Wimplicit-function-declaration]
  121 |  if(getNumber(&idDelete,"Ingrese el ID del empleado que desea dar de baja",
      |     ^~~~~~~~~
..\Controller.c:118:6: warning: variable 'indexDelete' set but not used [-Wunused-but-set-variable]
  118 |  int indexDelete;
      |      ^~~~~~~~~~~
gcc -O0 -g3 -Wall -c -fmessage-length=0 -o main.o "..\\main.c" 
gcc "-LC:\\Users\\pocho\\Desktop\\TRABAJOS_UTN\\tp_laboratorio_1\\utn-tp3\\tp3_windows" -o pruebaTp3.exe Controller.o Employee.o main.o parser.o utn.o validation.o -lLinkedList 
03:17:42 **** Incremental Build of configuration Debug for project pruebaTp3 ****
Info: Internal Builder is used for build
gcc -O0 -g3 -Wall -c -fmessage-length=0 -o Controller.o "..\\Controller.c" 
..\Controller.c: In function 'controller_removeEmployee':
..\Controller.c:126:17: warning: passing argument 1 of 'printEmployee' makes pointer from integer without a cast [-Wint-conversion]
  126 |   printEmployee(indexDelete);
      |                 ^~~~~~~~~~~
      |                 |
      |                 int
In file included from ..\Controller.c:4:
..\Employee.h:33:29: note: expected 'Employee *' {aka 'struct <anonymous> *'} but argument is of type 'int'
   33 | int printEmployee(Employee *this);
      |                   ~~~~~~~~~~^~~~
gcc "-LC:\\Users\\pocho\\Desktop\\TRABAJOS_UTN\\tp_laboratorio_1\\utn-tp3\\tp3_windows" -o pruebaTp3.exe Controller.o Employee.o main.o parser.o utn.o validation.o -lLinkedList 
03:18:13 **** Incremental Build of configuration Debug for project pruebaTp3 ****
Info: Internal Builder is used for build
gcc -O0 -g3 -Wall -c -fmessage-length=0 -o Controller.o "..\\Controller.c" 
..\Controller.c: In function 'controller_removeEmployee':
..\Controller.c:125:10: warning: assignment to 'Employee *' {aka 'struct <anonymous> *'} from 'int' makes pointer from integer without a cast [-Wint-conversion]
  125 |   auxEmp = ll_indexOf(pArrayListEmployee,auxEmp);
      |          ^
..\Controller.c:119:6: warning: unused variable 'indexDelete' [-Wunused-variable]
  119 |  int indexDelete;
      |      ^~~~~~~~~~~
gcc "-LC:\\Users\\pocho\\Desktop\\TRABAJOS_UTN\\tp_laboratorio_1\\utn-tp3\\tp3_windows" -o pruebaTp3.exe Controller.o Employee.o main.o parser.o utn.o validation.o -lLinkedList 
03:18:19 **** Incremental Build of configuration Debug for project pruebaTp3 ****
Info: Internal Builder is used for build
gcc -O0 -g3 -Wall -c -fmessage-length=0 -o Controller.o "..\\Controller.c" 
..\Controller.c: In function 'controller_removeEmployee':
..\Controller.c:125:10: warning: assignment to 'Employee *' {aka 'struct <anonymous> *'} from 'int' makes pointer from integer without a cast [-Wint-conversion]
  125 |   auxEmp = ll_indexOf(pArrayListEmployee,auxEmp);
      |          ^
gcc "-LC:\\Users\\pocho\\Desktop\\TRABAJOS_UTN\\tp_laboratorio_1\\utn-tp3\\tp3_windows" -o pruebaTp3.exe Controller.o Employee.o main.o parser.o utn.o validation.o -lLinkedList 
03:18:36 **** Incremental Build of configuration Debug for project pruebaTp3 ****
Info: Internal Builder is used for build
gcc -O0 -g3 -Wall -c -fmessage-length=0 -o Controller.o "..\\Controller.c" 
..\Controller.c: In function 'controller_removeEmployee':
..\Controller.c:119:6: warning: variable 'indexDelete' set but not used [-Wunused-but-set-variable]
  119 |  int indexDelete;
      |      ^~~~~~~~~~~
gcc "-LC:\\Users\\pocho\\Desktop\\TRABAJOS_UTN\\tp_laboratorio_1\\utn-tp3\\tp3_windows" -o pruebaTp3.exe Controller.o Employee.o main.o parser.o utn.o validation.o -lLinkedList 
03:19:01 **** Incremental Build of configuration Debug for project pruebaTp3 ****
Info: Internal Builder is used for build
gcc -O0 -g3 -Wall -c -fmessage-length=0 -o Controller.o "..\\Controller.c" 
gcc "-LC:\\Users\\pocho\\Desktop\\TRABAJOS_UTN\\tp_laboratorio_1\\utn-tp3\\tp3_windows" -o pruebaTp3.exe Controller.o Employee.o main.o parser.o utn.o validation.o -lLinkedList 
Info: Nothing to build for pruebaTp3
03:19:48 **** Incremental Build of configuration Debug for project pruebaTp3 ****
Info: Internal Builder is used for build
gcc -O0 -g3 -Wall -c -fmessage-length=0 -o Controller.o "..\\Controller.c" 
gcc "-LC:\\Users\\pocho\\Desktop\\TRABAJOS_UTN\\tp_laboratorio_1\\utn-tp3\\tp3_windows" -o pruebaTp3.exe Controller.o Employee.o main.o parser.o utn.o validation.o -lLinkedList 
Info: Nothing to build for pruebaTp3
03:21:09 **** Incremental Build of configuration Debug for project pruebaTp3 ****
Info: Internal Builder is used for build
gcc -O0 -g3 -Wall -c -fmessage-length=0 -o main.o "..\\main.c" 
gcc "-LC:\\Users\\pocho\\Desktop\\TRABAJOS_UTN\\tp_laboratorio_1\\utn-tp3\\tp3_windows" -o pruebaTp3.exe Controller.o Employee.o main.o parser.o utn.o validation.o -lLinkedList 
c:/mingw/bin/../lib/gcc/mingw32/9.2.0/../../../../mingw32/bin/ld.exe: cannot open output file pruebaTp3.exe: Permission denied
collect2.exe: error: ld returned 1 exit status
03:21:11 **** Incremental Build of configuration Debug for project pruebaTp3 ****
Info: Internal Builder is used for build
gcc "-LC:\\Users\\pocho\\Desktop\\TRABAJOS_UTN\\tp_laboratorio_1\\utn-tp3\\tp3_windows" -o pruebaTp3.exe Controller.o Employee.o main.o parser.o utn.o validation.o -lLinkedList 
Info: Nothing to build for pruebaTp3
03:31:20 **** Incremental Build of configuration Debug for project pruebaTp3 ****
Info: Internal Builder is used for build
gcc -O0 -g3 -Wall -c -fmessage-length=0 -o parser.o "..\\parser.c" 
gcc -O0 -g3 -Wall -c -fmessage-length=0 -o Employee.o "..\\Employee.c" 
gcc -O0 -g3 -Wall -c -fmessage-length=0 -o main.o "..\\main.c" 
gcc -O0 -g3 -Wall -c -fmessage-length=0 -o Controller.o "..\\Controller.c" 
..\Controller.c: In function 'controller_removeEmployee':
..\Controller.c:126:22: error: invalid operands to binary && (have 'int' and 'Employee' {aka 'struct <anonymous>'})
  126 |    if(auxEmp != NULL && *(auxEmp+indexDelete)){
      |                      ^~ ~~~~~~~~~~~~~~~~~~~~~
      |                         |
      |                         Employee {aka struct <anonymous>}
..\Controller.c:117:6: warning: unused variable 'idDelete' [-Wunused-variable]
  117 |  int idDelete;
      |      ^~~~~~~~
03:31:54 **** Incremental Build of configuration Debug for project pruebaTp3 ****
Info: Internal Builder is used for build
gcc -O0 -g3 -Wall -c -fmessage-length=0 -o Controller.o "..\\Controller.c" 
..\Controller.c: In function 'controller_removeEmployee':
..\Controller.c:125:33: error: invalid operands to binary + (have 'Employee' {aka 'struct <anonymous>'} and 'int')
  125 |    if(auxEmp != NULL && (*auxEmp+indexDelete)){
      |                          ~~~~~~~^
      |                          |
      |                          Employee {aka struct <anonymous>}
03:32:06 **** Incremental Build of configuration Debug for project pruebaTp3 ****
Info: Internal Builder is used for build
gcc -O0 -g3 -Wall -c -fmessage-length=0 -o Controller.o "..\\Controller.c" 
gcc "-LC:\\Users\\pocho\\Desktop\\TRABAJOS_UTN\\tp_laboratorio_1\\utn-tp3\\tp3_windows" -o pruebaTp3.exe Controller.o Employee.o main.o parser.o utn.o validation.o -lLinkedList 
03:33:11 **** Incremental Build of configuration Debug for project pruebaTp3 ****
Info: Internal Builder is used for build
gcc -O0 -g3 -Wall -c -fmessage-length=0 -o Controller.o "..\\Controller.c" 
..\Controller.c: In function 'controller_removeEmployee':
..\Controller.c:119:6: warning: unused variable 'i' [-Wunused-variable]
  119 |  int i;
      |      ^
gcc "-LC:\\Users\\pocho\\Desktop\\TRABAJOS_UTN\\tp_laboratorio_1\\utn-tp3\\tp3_windows" -o pruebaTp3.exe Controller.o Employee.o main.o parser.o utn.o validation.o -lLinkedList 
03:33:15 **** Incremental Build of configuration Debug for project pruebaTp3 ****
Info: Internal Builder is used for build
gcc -O0 -g3 -Wall -c -fmessage-length=0 -o Controller.o "..\\Controller.c" 
gcc "-LC:\\Users\\pocho\\Desktop\\TRABAJOS_UTN\\tp_laboratorio_1\\utn-tp3\\tp3_windows" -o pruebaTp3.exe Controller.o Employee.o main.o parser.o utn.o validation.o -lLinkedList 
Info: Nothing to build for pruebaTp3
03:36:13 **** Incremental Build of configuration Debug for project pruebaTp3 ****
Info: Internal Builder is used for build
gcc -O0 -g3 -Wall -c -fmessage-length=0 -o Controller.o "..\\Controller.c" 
..\Controller.c: In function 'controller_removeEmployee':
..\Controller.c:127:4: warning: implicit declaration of function 'strupr' [-Wimplicit-function-declaration]
  127 |    strupr(respuesta);
      |    ^~~~~~
..\Controller.c:128:8: warning: implicit declaration of function 'strcmp' [-Wimplicit-function-declaration]
  128 |    if (strcmp(respuesta, "SI") == 0) {
      |        ^~~~~~
gcc "-LC:\\Users\\pocho\\Desktop\\TRABAJOS_UTN\\tp_laboratorio_1\\utn-tp3\\tp3_windows" -o pruebaTp3.exe Controller.o Employee.o main.o parser.o utn.o validation.o -lLinkedList 
03:36:42 **** Incremental Build of configuration Debug for project pruebaTp3 ****
Info: Internal Builder is used for build
gcc -O0 -g3 -Wall -c -fmessage-length=0 -o Controller.o "..\\Controller.c" 
gcc "-LC:\\Users\\pocho\\Desktop\\TRABAJOS_UTN\\tp_laboratorio_1\\utn-tp3\\tp3_windows" -o pruebaTp3.exe Controller.o Employee.o main.o parser.o utn.o validation.o -lLinkedList 
Info: Nothing to build for pruebaTp3
03:38:48 **** Incremental Build of configuration Debug for project pruebaTp3 ****
Info: Internal Builder is used for build
gcc -O0 -g3 -Wall -c -fmessage-length=0 -o Controller.o "..\\Controller.c" 
gcc "-LC:\\Users\\pocho\\Desktop\\TRABAJOS_UTN\\tp_laboratorio_1\\utn-tp3\\tp3_windows" -o pruebaTp3.exe Controller.o Employee.o main.o parser.o utn.o validation.o -lLinkedList 
03:42:30 **** Incremental Build of configuration Debug for project pruebaTp3 ****
Info: Internal Builder is used for build
gcc -O0 -g3 -Wall -c -fmessage-length=0 -o Controller.o "..\\Controller.c" 
..\Controller.c: In function 'controller_editEmployee':
..\Controller.c:218:1: error: expected declaration or statement at end of input
  218 | }
      | ^
..\Controller.c:218:1: error: expected declaration or statement at end of input
..\Controller.c:109:12: warning: variable 'auxEmp' set but not used [-Wunused-but-set-variable]
  109 |  Employee* auxEmp = employee_new();
      |            ^~~~~~
..\Controller.c:108:7: warning: unused variable 'answer' [-Wunused-variable]
  108 |  char answer[10];
      |       ^~~~~~
..\Controller.c:218:1: warning: control reaches end of non-void function [-Wreturn-type]
  218 | }
      | ^
At top level:
..\Controller.c:215:5: warning: 'controller_saveAsBinary' defined but not used [-Wunused-function]
  215 | int controller_saveAsBinary(char* path , LinkedList* pArrayListEmployee)
      |     ^~~~~~~~~~~~~~~~~~~~~~~
..\Controller.c:203:5: warning: 'controller_saveAsText' defined but not used [-Wunused-function]
  203 | int controller_saveAsText(char* path , LinkedList* pArrayListEmployee)
      |     ^~~~~~~~~~~~~~~~~~~~~
..\Controller.c:191:5: warning: 'controller_sortEmployee' defined but not used [-Wunused-function]
  191 | int controller_sortEmployee(LinkedList* pArrayListEmployee)
      |     ^~~~~~~~~~~~~~~~~~~~~~~
..\Controller.c:165:5: warning: 'controller_ListEmployee' defined but not used [-Wunused-function]
  165 | int controller_ListEmployee(LinkedList* pArrayListEmployee)
      |     ^~~~~~~~~~~~~~~~~~~~~~~
..\Controller.c:126:5: warning: 'controller_removeEmployee' defined but not used [-Wunused-function]
  126 | int controller_removeEmployee(LinkedList *pArrayListEmployee) {
      |     ^~~~~~~~~~~~~~~~~~~~~~~~~
03:43:39 **** Incremental Build of configuration Debug for project pruebaTp3 ****
Info: Internal Builder is used for build
gcc -O0 -g3 -Wall -c -fmessage-length=0 -o Controller.o "..\\Controller.c" 
..\Controller.c: In function 'controller_editEmployee':
..\Controller.c:109:12: warning: variable 'auxEmp' set but not used [-Wunused-but-set-variable]
  109 |  Employee* auxEmp = employee_new();
      |            ^~~~~~
..\Controller.c:108:7: warning: unused variable 'answer' [-Wunused-variable]
  108 |  char answer[10];
      |       ^~~~~~
gcc "-LC:\\Users\\pocho\\Desktop\\TRABAJOS_UTN\\tp_laboratorio_1\\utn-tp3\\tp3_windows" -o pruebaTp3.exe Controller.o Employee.o main.o parser.o utn.o validation.o -lLinkedList 
03:44:50 **** Incremental Build of configuration Debug for project pruebaTp3 ****
Info: Internal Builder is used for build
gcc -O0 -g3 -Wall -c -fmessage-length=0 -o Controller.o "..\\Controller.c" 
..\Controller.c: In function 'controller_editEmployee':
..\Controller.c:108:7: warning: unused variable 'answer' [-Wunused-variable]
  108 |  char answer[10];
      |       ^~~~~~
gcc "-LC:\\Users\\pocho\\Desktop\\TRABAJOS_UTN\\tp_laboratorio_1\\utn-tp3\\tp3_windows" -o pruebaTp3.exe Controller.o Employee.o main.o parser.o utn.o validation.o -lLinkedList 
03:54:30 **** Incremental Build of configuration Debug for project pruebaTp3 ****
Info: Internal Builder is used for build
gcc -O0 -g3 -Wall -c -fmessage-length=0 -o Employee.o "..\\Employee.c" 
..\Employee.c: In function 'employee_modify':
..\Employee.c:114:32: warning: passing argument 1 of 'getHorasTrabajadasEmployee' makes pointer from integer without a cast [-Wint-conversion]
  114 |     getHorasTrabajadasEmployee(bufferHoras);
      |                                ^~~~~~~~~~~
      |                                |
      |                                int
In file included from ..\Employee.c:4:
..\Employee.h:30:37: note: expected 'int *' but argument is of type 'int'
   30 | int getHorasTrabajadasEmployee(int* pHorasTrabajadas);
      |                                ~~~~~^~~~~~~~~~~~~~~~
..\Employee.c:126:23: warning: passing argument 1 of 'getSueldoEmployee' makes pointer from integer without a cast [-Wint-conversion]
  126 |     getSueldoEmployee(bufferSueldo);
      |                       ^~~~~~~~~~~~
      |                       |
      |                       int
In file included from ..\Employee.c:4:
..\Employee.h:31:28: note: expected 'int *' but argument is of type 'int'
   31 | int getSueldoEmployee(int* pSueldo);
      |                       ~~~~~^~~~~~~
..\Employee.c:114:5: warning: 'bufferHoras' may be used uninitialized in this function [-Wmaybe-uninitialized]
  114 |     getHorasTrabajadasEmployee(bufferHoras);
      |     ^~~~~~~~~~~~~~~~~~~~~~~~~~~~~~~~~~~~~~~
..\Employee.c:126:5: warning: 'bufferSueldo' may be used uninitialized in this function [-Wmaybe-uninitialized]
  126 |     getSueldoEmployee(bufferSueldo);
      |     ^~~~~~~~~~~~~~~~~~~~~~~~~~~~~~~
gcc -O0 -g3 -Wall -c -fmessage-length=0 -o main.o "..\\main.c" 
gcc -O0 -g3 -Wall -c -fmessage-length=0 -o parser.o "..\\parser.c" 
gcc -O0 -g3 -Wall -c -fmessage-length=0 -o Controller.o "..\\Controller.c" 
..\Controller.c: In function 'controller_editEmployee':
..\Controller.c:113:3: warning: implicit declaration of function 'employee_modify' [-Wimplicit-function-declaration]
  113 |   employee_modify(auxEmp);
      |   ^~~~~~~~~~~~~~~
gcc "-LC:\\Users\\pocho\\Desktop\\TRABAJOS_UTN\\tp_laboratorio_1\\utn-tp3\\tp3_windows" -o pruebaTp3.exe Controller.o Employee.o main.o parser.o utn.o validation.o -lLinkedList 
03:54:58 **** Incremental Build of configuration Debug for project pruebaTp3 ****
Info: Internal Builder is used for build
gcc -O0 -g3 -Wall -c -fmessage-length=0 -o Employee.o "..\\Employee.c" 
..\Employee.c: In function 'employee_modify':
..\Employee.c:114:32: warning: passing argument 1 of 'getHorasTrabajadasEmployee' makes pointer from integer without a cast [-Wint-conversion]
  114 |     getHorasTrabajadasEmployee(bufferHoras);
      |                                ^~~~~~~~~~~
      |                                |
      |                                int
In file included from ..\Employee.c:4:
..\Employee.h:30:37: note: expected 'int *' but argument is of type 'int'
   30 | int getHorasTrabajadasEmployee(int* pHorasTrabajadas);
      |                                ~~~~~^~~~~~~~~~~~~~~~
..\Employee.c:126:23: warning: passing argument 1 of 'getSueldoEmployee' makes pointer from integer without a cast [-Wint-conversion]
  126 |     getSueldoEmployee(bufferSueldo);
      |                       ^~~~~~~~~~~~
      |                       |
      |                       int
In file included from ..\Employee.c:4:
..\Employee.h:31:28: note: expected 'int *' but argument is of type 'int'
   31 | int getSueldoEmployee(int* pSueldo);
      |                       ~~~~~^~~~~~~
..\Employee.c:114:5: warning: 'bufferHoras' may be used uninitialized in this function [-Wmaybe-uninitialized]
  114 |     getHorasTrabajadasEmployee(bufferHoras);
      |     ^~~~~~~~~~~~~~~~~~~~~~~~~~~~~~~~~~~~~~~
..\Employee.c:126:5: warning: 'bufferSueldo' may be used uninitialized in this function [-Wmaybe-uninitialized]
  126 |     getSueldoEmployee(bufferSueldo);
      |     ^~~~~~~~~~~~~~~~~~~~~~~~~~~~~~~
gcc -O0 -g3 -Wall -c -fmessage-length=0 -o parser.o "..\\parser.c" 
gcc -O0 -g3 -Wall -c -fmessage-length=0 -o Controller.o "..\\Controller.c" 
gcc -O0 -g3 -Wall -c -fmessage-length=0 -o main.o "..\\main.c" 
gcc "-LC:\\Users\\pocho\\Desktop\\TRABAJOS_UTN\\tp_laboratorio_1\\utn-tp3\\tp3_windows" -o pruebaTp3.exe Controller.o Employee.o main.o parser.o utn.o validation.o -lLinkedList 
03:55:13 **** Incremental Build of configuration Debug for project pruebaTp3 ****
Info: Internal Builder is used for build
gcc -O0 -g3 -Wall -c -fmessage-length=0 -o Employee.o "..\\Employee.c" 
gcc "-LC:\\Users\\pocho\\Desktop\\TRABAJOS_UTN\\tp_laboratorio_1\\utn-tp3\\tp3_windows" -o pruebaTp3.exe Controller.o Employee.o main.o parser.o utn.o validation.o -lLinkedList 
Info: Nothing to build for pruebaTp3
03:58:11 **** Incremental Build of configuration Debug for project pruebaTp3 ****
Info: Internal Builder is used for build
gcc -O0 -g3 -Wall -c -fmessage-length=0 -o Controller.o "..\\Controller.c" 
gcc "-LC:\\Users\\pocho\\Desktop\\TRABAJOS_UTN\\tp_laboratorio_1\\utn-tp3\\tp3_windows" -o pruebaTp3.exe Controller.o Employee.o main.o parser.o utn.o validation.o -lLinkedList 
Info: Nothing to build for pruebaTp3
04:00:11 **** Incremental Build of configuration Debug for project pruebaTp3 ****
Info: Internal Builder is used for build
gcc -O0 -g3 -Wall -c -fmessage-length=0 -o Controller.o "..\\Controller.c" 
gcc "-LC:\\Users\\pocho\\Desktop\\TRABAJOS_UTN\\tp_laboratorio_1\\utn-tp3\\tp3_windows" -o pruebaTp3.exe Controller.o Employee.o main.o parser.o utn.o validation.o -lLinkedList 
c:/mingw/bin/../lib/gcc/mingw32/9.2.0/../../../../mingw32/bin/ld.exe: cannot open output file pruebaTp3.exe: Permission denied
collect2.exe: error: ld returned 1 exit status
04:00:12 **** Incremental Build of configuration Debug for project pruebaTp3 ****
Info: Internal Builder is used for build
gcc "-LC:\\Users\\pocho\\Desktop\\TRABAJOS_UTN\\tp_laboratorio_1\\utn-tp3\\tp3_windows" -o pruebaTp3.exe Controller.o Employee.o main.o parser.o utn.o validation.o -lLinkedList 
Info: Nothing to build for pruebaTp3
04:01:20 **** Incremental Build of configuration Debug for project pruebaTp3 ****
Info: Internal Builder is used for build
gcc -O0 -g3 -Wall -c -fmessage-length=0 -o Controller.o "..\\Controller.c" 
gcc "-LC:\\Users\\pocho\\Desktop\\TRABAJOS_UTN\\tp_laboratorio_1\\utn-tp3\\tp3_windows" -o pruebaTp3.exe Controller.o Employee.o main.o parser.o utn.o validation.o -lLinkedList 
Info: Nothing to build for pruebaTp3
04:03:37 **** Incremental Build of configuration Debug for project pruebaTp3 ****
Info: Internal Builder is used for build
gcc -O0 -g3 -Wall -c -fmessage-length=0 -o Employee.o "..\\Employee.c" 
gcc "-LC:\\Users\\pocho\\Desktop\\TRABAJOS_UTN\\tp_laboratorio_1\\utn-tp3\\tp3_windows" -o pruebaTp3.exe Controller.o Employee.o main.o parser.o utn.o validation.o -lLinkedList 
Info: Nothing to build for pruebaTp3
04:32:28 **** Incremental Build of configuration Debug for project pruebaTp3 ****
Info: Internal Builder is used for build
gcc -O0 -g3 -Wall -c -fmessage-length=0 -o main.o "..\\main.c" 
gcc -O0 -g3 -Wall -c -fmessage-length=0 -o parser.o "..\\parser.c" 
gcc -O0 -g3 -Wall -c -fmessage-length=0 -o Controller.o "..\\Controller.c" 
..\Controller.c: In function 'controller_sortEmployee':
..\Controller.c:213:38: error: too few arguments to function 'sortEmployeeBySalary'
  213 |    sort = ll_sort(pArrayListEmployee,sortEmployeeBySalary(),optionSort);
      |                                      ^~~~~~~~~~~~~~~~~~~~
In file included from ..\Controller.c:5:
..\Employee.h:37:5: note: declared here
   37 | int sortEmployeeBySalary(void* employee1, void* employee2);
      |     ^~~~~~~~~~~~~~~~~~~~
..\Controller.c:205:6: warning: variable 'sort' set but not used [-Wunused-but-set-variable]
  205 |  int sort;
      |      ^~~~
At top level:
..\Controller.c:276:12: warning: 'submenuoOrder' defined but not used [-Wunused-function]
  276 | static int submenuoOrder()
      |            ^~~~~~~~~~~~~
04:33:07 **** Incremental Build of configuration Debug for project pruebaTp3 ****
Info: Internal Builder is used for build
gcc -O0 -g3 -Wall -c -fmessage-length=0 -o Controller.o "..\\Controller.c" 
..\Controller.c: In function 'controller_sortEmployee':
..\Controller.c:205:6: warning: variable 'sort' set but not used [-Wunused-but-set-variable]
  205 |  int sort;
      |      ^~~~
At top level:
..\Controller.c:276:12: warning: 'submenuoOrder' defined but not used [-Wunused-function]
  276 | static int submenuoOrder()
      |            ^~~~~~~~~~~~~
gcc -O0 -g3 -Wall -c -fmessage-length=0 -o Employee.o "..\\Employee.c" 
gcc "-LC:\\Users\\pocho\\Desktop\\TRABAJOS_UTN\\tp_laboratorio_1\\utn-tp3\\tp3_windows" -o pruebaTp3.exe Controller.o Employee.o main.o parser.o utn.o validation.o -lLinkedList 
04:35:08 **** Incremental Build of configuration Debug for project pruebaTp3 ****
Info: Internal Builder is used for build
gcc -O0 -g3 -Wall -c -fmessage-length=0 -o Controller.o "..\\Controller.c" 
gcc "-LC:\\Users\\pocho\\Desktop\\TRABAJOS_UTN\\tp_laboratorio_1\\utn-tp3\\tp3_windows" -o pruebaTp3.exe Controller.o Employee.o main.o parser.o utn.o validation.o -lLinkedList 
04:35:22 **** Incremental Build of configuration Debug for project pruebaTp3 ****
Info: Internal Builder is used for build
gcc -O0 -g3 -Wall -c -fmessage-length=0 -o main.o "..\\main.c" 
gcc "-LC:\\Users\\pocho\\Desktop\\TRABAJOS_UTN\\tp_laboratorio_1\\utn-tp3\\tp3_windows" -o pruebaTp3.exe Controller.o Employee.o main.o parser.o utn.o validation.o -lLinkedList 
Info: Nothing to build for pruebaTp3
Info: Nothing to build for pruebaTp3
Info: Nothing to build for pruebaTp3
04:40:47 **** Incremental Build of configuration Debug for project pruebaTp3 ****
Info: Internal Builder is used for build
gcc -O0 -g3 -Wall -c -fmessage-length=0 -o Controller.o "..\\Controller.c" 
gcc "-LC:\\Users\\pocho\\Desktop\\TRABAJOS_UTN\\tp_laboratorio_1\\utn-tp3\\tp3_windows" -o pruebaTp3.exe Controller.o Employee.o main.o parser.o utn.o validation.o -lLinkedList 
c:/mingw/bin/../lib/gcc/mingw32/9.2.0/../../../../mingw32/bin/ld.exe: cannot open output file pruebaTp3.exe: Permission denied
collect2.exe: error: ld returned 1 exit status
04:40:49 **** Incremental Build of configuration Debug for project pruebaTp3 ****
Info: Internal Builder is used for build
gcc "-LC:\\Users\\pocho\\Desktop\\TRABAJOS_UTN\\tp_laboratorio_1\\utn-tp3\\tp3_windows" -o pruebaTp3.exe Controller.o Employee.o main.o parser.o utn.o validation.o -lLinkedList 
Info: Nothing to build for pruebaTp3
04:41:07 **** Incremental Build of configuration Debug for project pruebaTp3 ****
Info: Internal Builder is used for build
gcc -O0 -g3 -Wall -c -fmessage-length=0 -o Controller.o "..\\Controller.c" 
gcc "-LC:\\Users\\pocho\\Desktop\\TRABAJOS_UTN\\tp_laboratorio_1\\utn-tp3\\tp3_windows" -o pruebaTp3.exe Controller.o Employee.o main.o parser.o utn.o validation.o -lLinkedList 
Info: Nothing to build for pruebaTp3
04:42:45 **** Incremental Build of configuration Debug for project pruebaTp3 ****
Info: Internal Builder is used for build
gcc -O0 -g3 -Wall -c -fmessage-length=0 -o Controller.o "..\\Controller.c" 
gcc "-LC:\\Users\\pocho\\Desktop\\TRABAJOS_UTN\\tp_laboratorio_1\\utn-tp3\\tp3_windows" -o pruebaTp3.exe Controller.o Employee.o main.o parser.o utn.o validation.o -lLinkedList 
Info: Nothing to build for pruebaTp3
04:44:10 **** Incremental Build of configuration Debug for project pruebaTp3 ****
Info: Internal Builder is used for build
gcc -O0 -g3 -Wall -c -fmessage-length=0 -o Controller.o "..\\Controller.c" 
gcc "-LC:\\Users\\pocho\\Desktop\\TRABAJOS_UTN\\tp_laboratorio_1\\utn-tp3\\tp3_windows" -o pruebaTp3.exe Controller.o Employee.o main.o parser.o utn.o validation.o -lLinkedList 
c:/mingw/bin/../lib/gcc/mingw32/9.2.0/../../../../mingw32/bin/ld.exe: cannot open output file pruebaTp3.exe: Permission denied
collect2.exe: error: ld returned 1 exit status
04:44:11 **** Incremental Build of configuration Debug for project pruebaTp3 ****
Info: Internal Builder is used for build
gcc "-LC:\\Users\\pocho\\Desktop\\TRABAJOS_UTN\\tp_laboratorio_1\\utn-tp3\\tp3_windows" -o pruebaTp3.exe Controller.o Employee.o main.o parser.o utn.o validation.o -lLinkedList 
Info: Nothing to build for pruebaTp3
04:45:48 **** Incremental Build of configuration Debug for project pruebaTp3 ****
Info: Internal Builder is used for build
gcc -O0 -g3 -Wall -c -fmessage-length=0 -o Controller.o "..\\Controller.c" 
gcc "-LC:\\Users\\pocho\\Desktop\\TRABAJOS_UTN\\tp_laboratorio_1\\utn-tp3\\tp3_windows" -o pruebaTp3.exe Controller.o Employee.o main.o parser.o utn.o validation.o -lLinkedList 
Info: Nothing to build for pruebaTp3
04:47:20 **** Incremental Build of configuration Debug for project pruebaTp3 ****
Info: Internal Builder is used for build
gcc -O0 -g3 -Wall -c -fmessage-length=0 -o Controller.o "..\\Controller.c" 
gcc "-LC:\\Users\\pocho\\Desktop\\TRABAJOS_UTN\\tp_laboratorio_1\\utn-tp3\\tp3_windows" -o pruebaTp3.exe Controller.o Employee.o main.o parser.o utn.o validation.o -lLinkedList 
Info: Nothing to build for pruebaTp3
04:48:20 **** Incremental Build of configuration Debug for project pruebaTp3 ****
Info: Internal Builder is used for build
gcc -O0 -g3 -Wall -c -fmessage-length=0 -o Controller.o "..\\Controller.c" 
gcc "-LC:\\Users\\pocho\\Desktop\\TRABAJOS_UTN\\tp_laboratorio_1\\utn-tp3\\tp3_windows" -o pruebaTp3.exe Controller.o Employee.o main.o parser.o utn.o validation.o -lLinkedList 
Info: Nothing to build for pruebaTp3
04:49:56 **** Incremental Build of configuration Debug for project pruebaTp3 ****
Info: Internal Builder is used for build
gcc -O0 -g3 -Wall -c -fmessage-length=0 -o Controller.o "..\\Controller.c" 
gcc "-LC:\\Users\\pocho\\Desktop\\TRABAJOS_UTN\\tp_laboratorio_1\\utn-tp3\\tp3_windows" -o pruebaTp3.exe Controller.o Employee.o main.o parser.o utn.o validation.o -lLinkedList 
Info: Nothing to build for pruebaTp3
04:51:34 **** Incremental Build of configuration Debug for project pruebaTp3 ****
Info: Internal Builder is used for build
gcc -O0 -g3 -Wall -c -fmessage-length=0 -o Controller.o "..\\Controller.c" 
gcc "-LC:\\Users\\pocho\\Desktop\\TRABAJOS_UTN\\tp_laboratorio_1\\utn-tp3\\tp3_windows" -o pruebaTp3.exe Controller.o Employee.o main.o parser.o utn.o validation.o -lLinkedList 
c:/mingw/bin/../lib/gcc/mingw32/9.2.0/../../../../mingw32/bin/ld.exe: cannot open output file pruebaTp3.exe: Permission denied
collect2.exe: error: ld returned 1 exit status
04:51:36 **** Incremental Build of configuration Debug for project pruebaTp3 ****
Info: Internal Builder is used for build
gcc "-LC:\\Users\\pocho\\Desktop\\TRABAJOS_UTN\\tp_laboratorio_1\\utn-tp3\\tp3_windows" -o pruebaTp3.exe Controller.o Employee.o main.o parser.o utn.o validation.o -lLinkedList 
05:00:28 **** Incremental Build of configuration Debug for project pruebaTp3 ****
Info: Internal Builder is used for build
gcc -O0 -g3 -Wall -c -fmessage-length=0 -o Controller.o "..\\Controller.c" 
gcc -O0 -g3 -Wall -c -fmessage-length=0 -o parser.o "..\\parser.c" 
..\parser.c: In function 'parser_WriteFlieFromText':
..\parser.c:69:25: error: expected ';' before '}' token
   69 |   file = fopen(path,"w")
      |                         ^
      |                         ;
   70 |  }
      |  ~                       
..\parser.c:67:8: warning: variable 'file' set but not used [-Wunused-but-set-variable]
   67 |  FILE* file;
      |        ^~~~
..\parser.c:71:1: warning: control reaches end of non-void function [-Wreturn-type]
   71 | }
      | ^
05:00:48 **** Incremental Build of configuration Debug for project pruebaTp3 ****
Info: Internal Builder is used for build
gcc -O0 -g3 -Wall -c -fmessage-length=0 -o Controller.o "..\\Controller.c" 
gcc -O0 -g3 -Wall -c -fmessage-length=0 -o main.o "..\\main.c" 
..\main.c: In function 'main':
..\main.c:30:17: warning: unused variable 'empleadosActualizados' [-Wunused-variable]
   30 |     LinkedList* empleadosActualizados = ll_newLinkedList();
      |                 ^~~~~~~~~~~~~~~~~~~~~
gcc -O0 -g3 -Wall -c -fmessage-length=0 -o parser.o "..\\parser.c" 
..\parser.c: In function 'parser_WriteFlieFromText':
..\parser.c:67:8: warning: variable 'file' set but not used [-Wunused-but-set-variable]
   67 |  FILE* file;
      |        ^~~~
..\parser.c:71:1: warning: control reaches end of non-void function [-Wreturn-type]
   71 | }
      | ^
gcc "-LC:\\Users\\pocho\\Desktop\\TRABAJOS_UTN\\tp_laboratorio_1\\utn-tp3\\tp3_windows" -o pruebaTp3.exe Controller.o Employee.o main.o parser.o utn.o validation.o -lLinkedList 
05:00:56 **** Incremental Build of configuration Debug for project pruebaTp3 ****
Info: Internal Builder is used for build
gcc -O0 -g3 -Wall -c -fmessage-length=0 -o main.o "..\\main.c" 
gcc "-LC:\\Users\\pocho\\Desktop\\TRABAJOS_UTN\\tp_laboratorio_1\\utn-tp3\\tp3_windows" -o pruebaTp3.exe Controller.o Employee.o main.o parser.o utn.o validation.o -lLinkedList 
